#-----------------------------------------------------------
# Vivado v2023.1 (64-bit)
# SW Build 3865809 on Sun May  7 15:05:29 MDT 2023
# IP Build 3864474 on Sun May  7 20:36:21 MDT 2023
# SharedData Build 3865790 on Sun May 07 13:33:03 MDT 2023
# Start of session at: Sun May 18 23:28:43 2025
# Process ID: 10336
# Current directory: C:/Users/fdingad/Desktop/HKUST_ELEC5140_RISC-V_CPU/RV32i
# Command line: vivado.exe -gui_launcher_event rodinguilauncherevent9892 C:\Users\fdingad\Desktop\HKUST_ELEC5140_RISC-V_CPU\RV32i\RV32i.xpr
# Log file: C:/Users/fdingad/Desktop/HKUST_ELEC5140_RISC-V_CPU/RV32i/vivado.log
# Journal file: C:/Users/fdingad/Desktop/HKUST_ELEC5140_RISC-V_CPU/RV32i\vivado.jou
# Running On: CCVDIAI3013, OS: Windows, CPU Frequency: 2594 MHz, CPU Physical cores: 4, Host memory: 17178 MB
#-----------------------------------------------------------
start_gui
open_project C:/Users/fdingad/Desktop/HKUST_ELEC5140_RISC-V_CPU/RV32i/RV32i.xpr
WARNING: [Board 49-26] cannot add Board Part xilinx.com:kc705:part0:1.6 available at C:/Xilinx/Vivado/2023.1/data/xhub/boards/XilinxBoardStore/boards/Xilinx/kc705/1.6/board.xml as part xc7k325tffg900-2 specified in board_part file is either invalid or not available
WARNING: [Board 49-26] cannot add Board Part xilinx.com:kcu105:part0:1.6 available at C:/Xilinx/Vivado/2023.1/data/xhub/boards/XilinxBoardStore/boards/Xilinx/kcu105/1.6/board.xml as part xcku040-ffva1156-2-e specified in board_part file is either invalid or not available
WARNING: [Board 49-26] cannot add Board Part xilinx.com:kcu105:part0:1.7 available at C:/Xilinx/Vivado/2023.1/data/xhub/boards/XilinxBoardStore/boards/Xilinx/kcu105/1.7/board.xml as part xcku040-ffva1156-2-e specified in board_part file is either invalid or not available
WARNING: [Board 49-26] cannot add Board Part xilinx.com:kcu1500:part0:1.2 available at C:/Xilinx/Vivado/2023.1/data/xhub/boards/XilinxBoardStore/boards/Xilinx/kcu1500/1.2/board.xml as part xcku115-flvb2104-2-e specified in board_part file is either invalid or not available
WARNING: [Board 49-26] cannot add Board Part xilinx.com:vc707:part0:1.4 available at C:/Xilinx/Vivado/2023.1/data/xhub/boards/XilinxBoardStore/boards/Xilinx/vc707/1.4/board.xml as part xc7vx485tffg1761-2 specified in board_part file is either invalid or not available
WARNING: [Board 49-26] cannot add Board Part xilinx.com:vc709:part0:1.8 available at C:/Xilinx/Vivado/2023.1/data/xhub/boards/XilinxBoardStore/boards/Xilinx/vc709/1.8/board.xml as part xc7vx690tffg1761-2 specified in board_part file is either invalid or not available
WARNING: [Board 49-26] cannot add Board Part xilinx.com:vck190:part0:2.2 available at C:/Xilinx/Vivado/2023.1/data/xhub/boards/XilinxBoardStore/boards/Xilinx/vck190/production/2.2/board.xml as part xcvc1902-vsva2197-2mp-e-s specified in board_part file is either invalid or not available
WARNING: [Board 49-26] cannot add Board Part xilinx.com:vck190:part0:3.0 available at C:/Xilinx/Vivado/2023.1/data/xhub/boards/XilinxBoardStore/boards/Xilinx/vck190/production/3.0/board.xml as part xcvc1902-vsva2197-2mp-e-s specified in board_part file is either invalid or not available
WARNING: [Board 49-26] cannot add Board Part xilinx.com:vck190:part0:3.1 available at C:/Xilinx/Vivado/2023.1/data/xhub/boards/XilinxBoardStore/boards/Xilinx/vck190/production/3.1/board.xml as part xcvc1902-vsva2197-2mp-e-s specified in board_part file is either invalid or not available
WARNING: [Board 49-26] cannot add Board Part xilinx.com:vck190:part0:3.2 available at C:/Xilinx/Vivado/2023.1/data/xhub/boards/XilinxBoardStore/boards/Xilinx/vck190/production/3.2/board.xml as part xcvc1902-vsva2197-2mp-e-s specified in board_part file is either invalid or not available
WARNING: [Board 49-26] cannot add Board Part xilinx.com:vck190_newl:part0:1.0 available at C:/Xilinx/Vivado/2023.1/data/xhub/boards/XilinxBoardStore/boards/Xilinx/vck190_newl/production/1.0/board.xml as part xcvc1902-vsva2197-2mp-e-s specified in board_part file is either invalid or not available
WARNING: [Board 49-26] cannot add Board Part xilinx.com:vck190_newl:part0:1.1 available at C:/Xilinx/Vivado/2023.1/data/xhub/boards/XilinxBoardStore/boards/Xilinx/vck190_newl/production/1.1/board.xml as part xcvc1902-vsva2197-2mp-e-s specified in board_part file is either invalid or not available
WARNING: [Board 49-26] cannot add Board Part xilinx.com:vcu108:part0:1.6 available at C:/Xilinx/Vivado/2023.1/data/xhub/boards/XilinxBoardStore/boards/Xilinx/vcu108/1.6/board.xml as part xcvu095-ffva2104-2-e specified in board_part file is either invalid or not available
WARNING: [Board 49-26] cannot add Board Part xilinx.com:vcu108:part0:1.7 available at C:/Xilinx/Vivado/2023.1/data/xhub/boards/XilinxBoardStore/boards/Xilinx/vcu108/1.7/board.xml as part xcvu095-ffva2104-2-e specified in board_part file is either invalid or not available
WARNING: [Board 49-26] cannot add Board Part xilinx.com:vcu110:part0:1.4 available at C:/Xilinx/Vivado/2023.1/data/xhub/boards/XilinxBoardStore/boards/Xilinx/vcu110/1.4/board.xml as part xcvu190-flgc2104-2-e specified in board_part file is either invalid or not available
WARNING: [Board 49-26] cannot add Board Part xilinx.com:vcu118:part0:2.0 available at C:/Xilinx/Vivado/2023.1/data/xhub/boards/XilinxBoardStore/boards/Xilinx/vcu118/2.0/board.xml as part xcvu9p-flga2104-2l-e specified in board_part file is either invalid or not available
WARNING: [Board 49-26] cannot add Board Part xilinx.com:vcu118:part0:2.3 available at C:/Xilinx/Vivado/2023.1/data/xhub/boards/XilinxBoardStore/boards/Xilinx/vcu118/2.3/board.xml as part xcvu9p-flga2104-2l-e specified in board_part file is either invalid or not available
WARNING: [Board 49-26] cannot add Board Part xilinx.com:vcu118:part0:2.4 available at C:/Xilinx/Vivado/2023.1/data/xhub/boards/XilinxBoardStore/boards/Xilinx/vcu118/2.4/board.xml as part xcvu9p-flga2104-2l-e specified in board_part file is either invalid or not available
WARNING: [Board 49-26] cannot add Board Part xilinx.com:vcu129:part0:1.0 available at C:/Xilinx/Vivado/2023.1/data/xhub/boards/XilinxBoardStore/boards/Xilinx/vcu129/production/1.0/board.xml as part xcvu29p-fsga2577-2l-e specified in board_part file is either invalid or not available
WARNING: [Board 49-26] cannot add Board Part xilinx.com:vcu1525:part0:1.3 available at C:/Xilinx/Vivado/2023.1/data/xhub/boards/XilinxBoardStore/boards/Xilinx/vcu1525/1.3/board.xml as part xcvu9p-fsgd2104-2l-e specified in board_part file is either invalid or not available
WARNING: [Board 49-26] cannot add Board Part xilinx.com:vek280_es:part0:1.0 available at C:/Xilinx/Vivado/2023.1/data/xhub/boards/XilinxBoardStore/boards/Xilinx/vek280/es/rev_a/1.0/board.xml as part xcve2802-vsvh1760-2lp-e-s-es1 specified in board_part file is either invalid or not available
WARNING: [Board 49-26] cannot add Board Part xilinx.com:vek280_es:part0:1.1 available at C:/Xilinx/Vivado/2023.1/data/xhub/boards/XilinxBoardStore/boards/Xilinx/vek280/es/rev_a/1.1/board.xml as part xcve2802-vsvh1760-2lp-e-s-es1 specified in board_part file is either invalid or not available
WARNING: [Board 49-26] cannot add Board Part xilinx.com:vek280_es_revb:part0:1.0 available at C:/Xilinx/Vivado/2023.1/data/xhub/boards/XilinxBoardStore/boards/Xilinx/vek280/es/rev_b/1.0/board.xml as part xcve2802-vsvh1760-2mp-e-s-es1 specified in board_part file is either invalid or not available
WARNING: [Board 49-26] cannot add Board Part xilinx.com:vek280_es_revb:part0:1.1 available at C:/Xilinx/Vivado/2023.1/data/xhub/boards/XilinxBoardStore/boards/Xilinx/vek280/es/rev_b/1.1/board.xml as part xcve2802-vsvh1760-2mp-e-s-es1 specified in board_part file is either invalid or not available
WARNING: [Board 49-26] cannot add Board Part xilinx.com:vermeo_t1_mpsoc:part0:1.0 available at C:/Xilinx/Vivado/2023.1/data/xhub/boards/XilinxBoardStore/boards/Xilinx/vermeo_t1_mpsoc/1.0/board.xml as part xczu19eg-ffvd1760-2l-e specified in board_part file is either invalid or not available
WARNING: [Board 49-26] cannot add Board Part xilinx.com:vermeo_t1_rfsoc:part0:1.0 available at C:/Xilinx/Vivado/2023.1/data/xhub/boards/XilinxBoardStore/boards/Xilinx/vermeo_t1_rfsoc/1.0/board.xml as part xczu21dr-ffvd1156-2l-e specified in board_part file is either invalid or not available
WARNING: [Board 49-26] cannot add Board Part xilinx.com:vhk158:part0:1.0 available at C:/Xilinx/Vivado/2023.1/data/xhub/boards/XilinxBoardStore/boards/Xilinx/vhk158/production/1.0/board.xml as part xcvh1582-vsva3697-2mp-e-s specified in board_part file is either invalid or not available
WARNING: [Board 49-26] cannot add Board Part xilinx.com:vhk158_es:part0:1.0 available at C:/Xilinx/Vivado/2023.1/data/xhub/boards/XilinxBoardStore/boards/Xilinx/vhk158/es/1.0/board.xml as part xcvh1582-vsva3697-2mp-e-s-es1 specified in board_part file is either invalid or not available
WARNING: [Board 49-26] cannot add Board Part xilinx.com:vhk158_es:part0:1.1 available at C:/Xilinx/Vivado/2023.1/data/xhub/boards/XilinxBoardStore/boards/Xilinx/vhk158/es/1.1/board.xml as part xcvh1582-vsva3697-2mp-e-s-es1 specified in board_part file is either invalid or not available
WARNING: [Board 49-26] cannot add Board Part xilinx.com:vmk180:part0:2.2 available at C:/Xilinx/Vivado/2023.1/data/xhub/boards/XilinxBoardStore/boards/Xilinx/vmk180/production/2.2/board.xml as part xcvm1802-vsva2197-2mp-e-s specified in board_part file is either invalid or not available
WARNING: [Board 49-26] cannot add Board Part xilinx.com:vmk180:part0:3.0 available at C:/Xilinx/Vivado/2023.1/data/xhub/boards/XilinxBoardStore/boards/Xilinx/vmk180/production/3.0/board.xml as part xcvm1802-vsva2197-2mp-e-s specified in board_part file is either invalid or not available
WARNING: [Board 49-26] cannot add Board Part xilinx.com:vmk180:part0:3.1 available at C:/Xilinx/Vivado/2023.1/data/xhub/boards/XilinxBoardStore/boards/Xilinx/vmk180/production/3.1/board.xml as part xcvm1802-vsva2197-2mp-e-s specified in board_part file is either invalid or not available
WARNING: [Board 49-26] cannot add Board Part xilinx.com:vmk180:part0:3.2 available at C:/Xilinx/Vivado/2023.1/data/xhub/boards/XilinxBoardStore/boards/Xilinx/vmk180/production/3.2/board.xml as part xcvm1802-vsva2197-2mp-e-s specified in board_part file is either invalid or not available
WARNING: [Board 49-26] cannot add Board Part xilinx.com:vmk180_newl:part0:1.0 available at C:/Xilinx/Vivado/2023.1/data/xhub/boards/XilinxBoardStore/boards/Xilinx/vmk180_newl/production/1.0/board.xml as part xcvm1802-vsva2197-2mp-e-s specified in board_part file is either invalid or not available
WARNING: [Board 49-26] cannot add Board Part xilinx.com:vmk180_newl:part0:1.1 available at C:/Xilinx/Vivado/2023.1/data/xhub/boards/XilinxBoardStore/boards/Xilinx/vmk180_newl/production/1.1/board.xml as part xcvm1802-vsva2197-2mp-e-s specified in board_part file is either invalid or not available
WARNING: [Board 49-26] cannot add Board Part xilinx.com:vpk120:part0:1.0 available at C:/Xilinx/Vivado/2023.1/data/xhub/boards/XilinxBoardStore/boards/Xilinx/vpk120/production/1.0/board.xml as part xcvp1202-vsva2785-2mp-e-s specified in board_part file is either invalid or not available
WARNING: [Board 49-26] cannot add Board Part xilinx.com:vpk120:part0:1.1 available at C:/Xilinx/Vivado/2023.1/data/xhub/boards/XilinxBoardStore/boards/Xilinx/vpk120/production/1.1/board.xml as part xcvp1202-vsva2785-2mp-e-s specified in board_part file is either invalid or not available
WARNING: [Board 49-26] cannot add Board Part xilinx.com:vpk120_es:part0:1.2 available at C:/Xilinx/Vivado/2023.1/data/xhub/boards/XilinxBoardStore/boards/Xilinx/vpk120/es/1.2/board.xml as part xcvp1202-vsva2785-2mp-e-s-es1 specified in board_part file is either invalid or not available
WARNING: [Board 49-26] cannot add Board Part xilinx.com:vpk120_es:part0:1.3 available at C:/Xilinx/Vivado/2023.1/data/xhub/boards/XilinxBoardStore/boards/Xilinx/vpk120/es/1.3/board.xml as part xcvp1202-vsva2785-2mp-e-s-es1 specified in board_part file is either invalid or not available
WARNING: [Board 49-26] cannot add Board Part xilinx.com:vpk120_es_revb:part0:1.0 available at C:/Xilinx/Vivado/2023.1/data/xhub/boards/XilinxBoardStore/boards/Xilinx/vpk120_revb/es/1.0/board.xml as part xcvp1202-vsva2785-2mp-e-s-es1 specified in board_part file is either invalid or not available
WARNING: [Board 49-26] cannot add Board Part xilinx.com:vpk120_es_revb:part0:1.1 available at C:/Xilinx/Vivado/2023.1/data/xhub/boards/XilinxBoardStore/boards/Xilinx/vpk120_revb/es/1.1/board.xml as part xcvp1202-vsva2785-2mp-e-s-es1 specified in board_part file is either invalid or not available
WARNING: [Board 49-26] cannot add Board Part xilinx.com:vpk180:part0:1.0 available at C:/Xilinx/Vivado/2023.1/data/xhub/boards/XilinxBoardStore/boards/Xilinx/vpk180/production/1.0/board.xml as part xcvp1802-lsvc4072-2mp-e-s specified in board_part file is either invalid or not available
WARNING: [Board 49-26] cannot add Board Part xilinx.com:vpk180:part0:1.1 available at C:/Xilinx/Vivado/2023.1/data/xhub/boards/XilinxBoardStore/boards/Xilinx/vpk180/production/1.1/board.xml as part xcvp1802-lsvc4072-2mp-e-s specified in board_part file is either invalid or not available
WARNING: [Board 49-26] cannot add Board Part xilinx.com:vpk180_es:part0:1.0 available at C:/Xilinx/Vivado/2023.1/data/xhub/boards/XilinxBoardStore/boards/Xilinx/vpk180/es/1.0/board.xml as part xcvp1802-lsvc4072-2mp-e-s-es1 specified in board_part file is either invalid or not available
WARNING: [Board 49-26] cannot add Board Part xilinx.com:vpk180_es:part0:1.1 available at C:/Xilinx/Vivado/2023.1/data/xhub/boards/XilinxBoardStore/boards/Xilinx/vpk180/es/1.1/board.xml as part xcvp1802-lsvc4072-2mp-e-s-es1 specified in board_part file is either invalid or not available
WARNING: [Board 49-26] cannot add Board Part xilinx.com:zc706:part0:1.4 available at C:/Xilinx/Vivado/2023.1/data/xhub/boards/XilinxBoardStore/boards/Xilinx/zc706/1.4/board.xml as part xc7z045ffg900-2 specified in board_part file is either invalid or not available
WARNING: [Board 49-26] cannot add Board Part xilinx.com:zcu102:part0:3.3 available at C:/Xilinx/Vivado/2023.1/data/xhub/boards/XilinxBoardStore/boards/Xilinx/zcu102/3.3/board.xml as part xczu9eg-ffvb1156-2-e specified in board_part file is either invalid or not available
WARNING: [Board 49-26] cannot add Board Part xilinx.com:zcu102:part0:3.4 available at C:/Xilinx/Vivado/2023.1/data/xhub/boards/XilinxBoardStore/boards/Xilinx/zcu102/3.4/board.xml as part xczu9eg-ffvb1156-2-e specified in board_part file is either invalid or not available
WARNING: [Board 49-26] cannot add Board Part xilinx.com:zcu111:part0:1.2 available at C:/Xilinx/Vivado/2023.1/data/xhub/boards/XilinxBoardStore/boards/Xilinx/zcu111/1.2/board.xml as part xczu28dr-ffvg1517-2-e specified in board_part file is either invalid or not available
WARNING: [Board 49-26] cannot add Board Part xilinx.com:zcu111:part0:1.3 available at C:/Xilinx/Vivado/2023.1/data/xhub/boards/XilinxBoardStore/boards/Xilinx/zcu111/1.3/board.xml as part xczu28dr-ffvg1517-2-e specified in board_part file is either invalid or not available
WARNING: [Board 49-26] cannot add Board Part xilinx.com:zcu111:part0:1.4 available at C:/Xilinx/Vivado/2023.1/data/xhub/boards/XilinxBoardStore/boards/Xilinx/zcu111/1.4/board.xml as part xczu28dr-ffvg1517-2-e specified in board_part file is either invalid or not available
WARNING: [Board 49-26] cannot add Board Part xilinx.com:zcu1275:part0:1.0 available at C:/Xilinx/Vivado/2023.1/data/xhub/boards/XilinxBoardStore/boards/Xilinx/zcu1275/1.0/board.xml as part xczu29dr-ffvf1760-2-e specified in board_part file is either invalid or not available
WARNING: [Board 49-26] cannot add Board Part xilinx.com:zcu1285:part0:1.0 available at C:/Xilinx/Vivado/2023.1/data/xhub/boards/XilinxBoardStore/boards/Xilinx/zcu1285/1.0/board.xml as part xczu39dr-ffvf1760-2-i specified in board_part file is either invalid or not available
WARNING: [Board 49-26] cannot add Board Part xilinx.com:zcu208:part0:2.0 available at C:/Xilinx/Vivado/2023.1/data/xhub/boards/XilinxBoardStore/boards/Xilinx/zcu208/production/2.0/board.xml as part xczu48dr-fsvg1517-2-e specified in board_part file is either invalid or not available
WARNING: [Board 49-26] cannot add Board Part xilinx.com:zcu208ld:part0:2.0 available at C:/Xilinx/Vivado/2023.1/data/xhub/boards/XilinxBoardStore/boards/Xilinx/zcu208ld/production/2.0/board.xml as part xczu58dr-fsvg1517-2-i specified in board_part file is either invalid or not available
WARNING: [Board 49-26] cannot add Board Part xilinx.com:zcu216:part0:2.0 available at C:/Xilinx/Vivado/2023.1/data/xhub/boards/XilinxBoardStore/boards/Xilinx/zcu216/production/2.0/board.xml as part xczu49dr-ffvf1760-2-e specified in board_part file is either invalid or not available
WARNING: [Board 49-26] cannot add Board Part xilinx.com:zcu216ld:part0:2.0 available at C:/Xilinx/Vivado/2023.1/data/xhub/boards/XilinxBoardStore/boards/Xilinx/zcu216ld/production/2.0/board.xml as part xczu59dr-ffvf1760-2-i specified in board_part file is either invalid or not available
WARNING: [Board 49-26] cannot add Board Part xilinx.com:zcu670:part0:2.0 available at C:/Xilinx/Vivado/2023.1/data/xhub/boards/XilinxBoardStore/boards/Xilinx/zcu670/2.0/board.xml as part xczu67dr-fsve1156-2-i specified in board_part file is either invalid or not available
WARNING: [Board 49-26] cannot add Board Part xilinx.com:zcu670ld:part0:1.0 available at C:/Xilinx/Vivado/2023.1/data/xhub/boards/XilinxBoardStore/boards/Xilinx/zcu670ld/1.0/board.xml as part xczu57dr-fsve1156-2-i specified in board_part file is either invalid or not available
INFO: [filemgmt 56-3] Default IP Output Path : Could not find the directory 'C:/Users/fdingad/Desktop/HKUST_ELEC5140_RISC-V_CPU/RV32i/RV32i.gen/sources_1'.
Scanning sources...
Finished scanning sources
INFO: [IP_Flow 19-234] Refreshing IP repositories
INFO: [IP_Flow 19-1704] No user IP repositories specified
INFO: [IP_Flow 19-2313] Loaded Vivado IP repository 'C:/Xilinx/Vivado/2023.1/data/ip'.
open_project: Time (s): cpu = 00:00:24 ; elapsed = 00:00:14 . Memory (MB): peak = 1410.223 ; gain = 121.227
update_compile_order -fileset sources_1
launch_simulation
Command: launch_simulation 
INFO: [Vivado 12-12493] Simulation top is 'Top'
WARNING: [Vivado 12-13340] Unable to auto find GCC executables from simulator install path! (path not set)
INFO: [Vivado 12-5682] Launching behavioral simulation in 'C:/Users/fdingad/Desktop/HKUST_ELEC5140_RISC-V_CPU/RV32i/RV32i.sim/sim_1/behav/xsim'
INFO: [SIM-utils-51] Simulation object is 'sim_1'
INFO: [SIM-utils-72] Using boost library from 'C:/Xilinx/Vivado/2023.1/tps/boost_1_72_0'
INFO: [SIM-utils-54] Inspecting design source files for 'Top' in fileset 'sim_1'...
INFO: [USF-XSim-97] Finding global include files...
INFO: [USF-XSim-98] Fetching design files from 'sim_1'...
INFO: [USF-XSim-2] XSim::Compile design
INFO: [USF-XSim-61] Executing 'COMPILE and ANALYZE' step in 'C:/Users/fdingad/Desktop/HKUST_ELEC5140_RISC-V_CPU/RV32i/RV32i.sim/sim_1/behav/xsim'
"xvlog --incr --relax -prj Top_vlog.prj"
ECHO is off.
ECHO is off.
INFO: [USF-XSim-69] 'compile' step finished in '3' seconds
INFO: [USF-XSim-3] XSim::Elaborate design
INFO: [USF-XSim-61] Executing 'ELABORATE' step in 'C:/Users/fdingad/Desktop/HKUST_ELEC5140_RISC-V_CPU/RV32i/RV32i.sim/sim_1/behav/xsim'
"xelab --incr --debug typical --relax --mt 2 -L xil_defaultlib -L unisims_ver -L unimacro_ver -L secureip --snapshot Top_behav xil_defaultlib.Top xil_defaultlib.glbl -log elaborate.log"
ECHO is off.
ECHO is off.
Vivado Simulator v2023.1
Copyright 1986-2022 Xilinx, Inc. All Rights Reserved.
Copyright 2022-2023 Advanced Micro Devices, Inc. All Rights Reserved.
Running: C:/Xilinx/Vivado/2023.1/bin/unwrapped/win64.o/xelab.exe --incr --debug typical --relax --mt 2 -L xil_defaultlib -L unisims_ver -L unimacro_ver -L secureip --snapshot Top_behav xil_defaultlib.Top xil_defaultlib.glbl -log elaborate.log 
Using 2 slave threads.
Starting static elaboration
Pass Through NonSizing Optimizer
WARNING: [VRFC 10-3091] actual bit length 1 differs from formal bit length 5 for port 'MEM_WB_written_reg' [C:/Users/fdingad/Desktop/HKUST_ELEC5140_RISC-V_CPU/RV32i/RV32i.srcs/sources_1/new/RV32iPCPU.v:283]
Completed static elaboration
INFO: [XSIM 43-4323] No Change in HDL. Linking previously generated obj files to create kernel
INFO: [USF-XSim-69] 'elaborate' step finished in '4' seconds
INFO: [USF-XSim-4] XSim::Simulate design
INFO: [USF-XSim-61] Executing 'SIMULATE' step in 'C:/Users/fdingad/Desktop/HKUST_ELEC5140_RISC-V_CPU/RV32i/RV32i.sim/sim_1/behav/xsim'
INFO: [USF-XSim-98] *** Running xsim
   with args "Top_behav -key {Behavioral:sim_1:Functional:Top} -tclbatch {Top.tcl} -view {C:/Users/fdingad/Desktop/HKUST_ELEC5140_RISC-V_CPU/RV32i/Top_behav.wcfg} -log {simulate.log}"
INFO: [USF-XSim-8] Loading simulator feature
Time resolution is 1 ps
open_wave_config C:/Users/fdingad/Desktop/HKUST_ELEC5140_RISC-V_CPU/RV32i/Top_behav.wcfg
source Top.tcl
# set curr_wave [current_wave_config]
# if { [string length $curr_wave] == 0 } {
#   if { [llength [get_objects]] > 0} {
#     add_wave /
#     set_property needs_save false [current_wave_config]
#   } else {
#      send_msg_id Add_Wave-1 WARNING "No top level signals found. Simulator will start without a wave window. If you want to open a wave window go to 'File->New Waveform Configuration' or type 'create_wave_config' in the TCL console."
#   }
# }
# run 1000ns
Simulation cycle count:                 4824

$stop called at time : 4824 ps : File "C:/Users/fdingad/Desktop/HKUST_ELEC5140_RISC-V_CPU/RV32i/RV32i.srcs/sim_1/new/Top.v" Line 89
INFO: [USF-XSim-96] XSim completed. Design snapshot 'Top_behav' loaded.
INFO: [USF-XSim-97] XSim simulation ran for 1000ns
launch_simulation: Time (s): cpu = 00:00:09 ; elapsed = 00:00:13 . Memory (MB): peak = 1469.008 ; gain = 26.770
relaunch_sim
Command: launch_simulation -step compile -simset sim_1 -mode behavioral
INFO: [Vivado 12-12493] Simulation top is 'Top'
WARNING: [Vivado 12-13340] Unable to auto find GCC executables from simulator install path! (path not set)
INFO: [Vivado 12-5682] Launching behavioral simulation in 'C:/Users/fdingad/Desktop/HKUST_ELEC5140_RISC-V_CPU/RV32i/RV32i.sim/sim_1/behav/xsim'
INFO: [SIM-utils-51] Simulation object is 'sim_1'
INFO: [SIM-utils-72] Using boost library from 'C:/Xilinx/Vivado/2023.1/tps/boost_1_72_0'
INFO: [SIM-utils-54] Inspecting design source files for 'Top' in fileset 'sim_1'...
INFO: [USF-XSim-97] Finding global include files...
INFO: [USF-XSim-98] Fetching design files from 'sim_1'...
INFO: [USF-XSim-2] XSim::Compile design
INFO: [USF-XSim-61] Executing 'COMPILE and ANALYZE' step in 'C:/Users/fdingad/Desktop/HKUST_ELEC5140_RISC-V_CPU/RV32i/RV32i.sim/sim_1/behav/xsim'
"xvlog --incr --relax -prj Top_vlog.prj"
ECHO is off.
ECHO is off.
INFO: [USF-XSim-69] 'compile' step finished in '3' seconds
Command: launch_simulation -step elaborate -simset sim_1 -mode behavioral
INFO: [Vivado 12-12493] Simulation top is 'Top'
WARNING: [Vivado 12-13340] Unable to auto find GCC executables from simulator install path! (path not set)
INFO: [Vivado 12-5682] Launching behavioral simulation in 'C:/Users/fdingad/Desktop/HKUST_ELEC5140_RISC-V_CPU/RV32i/RV32i.sim/sim_1/behav/xsim'
INFO: [SIM-utils-51] Simulation object is 'sim_1'
INFO: [USF-XSim-3] XSim::Elaborate design
INFO: [USF-XSim-61] Executing 'ELABORATE' step in 'C:/Users/fdingad/Desktop/HKUST_ELEC5140_RISC-V_CPU/RV32i/RV32i.sim/sim_1/behav/xsim'
"xelab --incr --debug typical --relax --mt 2 -L xil_defaultlib -L unisims_ver -L unimacro_ver -L secureip --snapshot Top_behav xil_defaultlib.Top xil_defaultlib.glbl -log elaborate.log"
ECHO is off.
ECHO is off.
Vivado Simulator v2023.1
Copyright 1986-2022 Xilinx, Inc. All Rights Reserved.
Copyright 2022-2023 Advanced Micro Devices, Inc. All Rights Reserved.
Running: C:/Xilinx/Vivado/2023.1/bin/unwrapped/win64.o/xelab.exe --incr --debug typical --relax --mt 2 -L xil_defaultlib -L unisims_ver -L unimacro_ver -L secureip --snapshot Top_behav xil_defaultlib.Top xil_defaultlib.glbl -log elaborate.log 
Using 2 slave threads.
Starting static elaboration
Pass Through NonSizing Optimizer
WARNING: [VRFC 10-3091] actual bit length 1 differs from formal bit length 5 for port 'MEM_WB_written_reg' [C:/Users/fdingad/Desktop/HKUST_ELEC5140_RISC-V_CPU/RV32i/RV32i.srcs/sources_1/new/RV32iPCPU.v:283]
Completed static elaboration
INFO: [XSIM 43-4323] No Change in HDL. Linking previously generated obj files to create kernel
INFO: [USF-XSim-69] 'elaborate' step finished in '4' seconds
Time resolution is 1 ps
Simulation cycle count:                 4824

$stop called at time : 4824 ps : File "C:/Users/fdingad/Desktop/HKUST_ELEC5140_RISC-V_CPU/RV32i/RV32i.srcs/sim_1/new/Top.v" Line 89
relaunch_sim: Time (s): cpu = 00:00:03 ; elapsed = 00:00:11 . Memory (MB): peak = 1476.266 ; gain = 0.000
close_sim
INFO: [Simtcl 6-16] Simulation closed
launch_simulation
Command: launch_simulation 
INFO: [Vivado 12-12493] Simulation top is 'Top'
WARNING: [Vivado 12-13340] Unable to auto find GCC executables from simulator install path! (path not set)
INFO: [Vivado 12-5682] Launching behavioral simulation in 'C:/Users/fdingad/Desktop/HKUST_ELEC5140_RISC-V_CPU/RV32i/RV32i.sim/sim_1/behav/xsim'
INFO: [SIM-utils-51] Simulation object is 'sim_1'
INFO: [SIM-utils-72] Using boost library from 'C:/Xilinx/Vivado/2023.1/tps/boost_1_72_0'
INFO: [SIM-utils-54] Inspecting design source files for 'Top' in fileset 'sim_1'...
INFO: [USF-XSim-97] Finding global include files...
INFO: [USF-XSim-98] Fetching design files from 'sim_1'...
INFO: [USF-XSim-2] XSim::Compile design
INFO: [USF-XSim-61] Executing 'COMPILE and ANALYZE' step in 'C:/Users/fdingad/Desktop/HKUST_ELEC5140_RISC-V_CPU/RV32i/RV32i.sim/sim_1/behav/xsim'
"xvlog --incr --relax -prj Top_vlog.prj"
ECHO is off.
ECHO is off.
INFO: [VRFC 10-2263] Analyzing Verilog file "C:/Users/fdingad/Desktop/HKUST_ELEC5140_RISC-V_CPU/RV32i/RV32i.srcs/sources_1/new/ALU.v" into library xil_defaultlib
INFO: [VRFC 10-311] analyzing module ALU
INFO: [VRFC 10-2263] Analyzing Verilog file "C:/Users/fdingad/Desktop/HKUST_ELEC5140_RISC-V_CPU/RV32i/RV32i.srcs/sources_1/new/Control_Stall.v" into library xil_defaultlib
INFO: [VRFC 10-311] analyzing module Control_Stall
INFO: [VRFC 10-2263] Analyzing Verilog file "C:/Users/fdingad/Desktop/HKUST_ELEC5140_RISC-V_CPU/RV32i/RV32i.srcs/sources_1/new/Controler.v" into library xil_defaultlib
INFO: [VRFC 10-311] analyzing module Controler
INFO: [VRFC 10-2263] Analyzing Verilog file "C:/Users/fdingad/Desktop/HKUST_ELEC5140_RISC-V_CPU/RV32i/RV32i.srcs/sources_1/new/Data_Stall.v" into library xil_defaultlib
INFO: [VRFC 10-311] analyzing module Data_Stall
INFO: [VRFC 10-2263] Analyzing Verilog file "C:/Users/fdingad/Desktop/HKUST_ELEC5140_RISC-V_CPU/RV32i/RV32i.srcs/sources_1/new/Forwarding_Unit.v" into library xil_defaultlib
INFO: [VRFC 10-311] analyzing module Forwarding_Unit
INFO: [VRFC 10-2263] Analyzing Verilog file "C:/Users/fdingad/Desktop/HKUST_ELEC5140_RISC-V_CPU/RV32i/RV32i.srcs/sources_1/new/Get_rw_regs.v" into library xil_defaultlib
INFO: [VRFC 10-311] analyzing module Get_rw_regs
INFO: [VRFC 10-2263] Analyzing Verilog file "C:/Users/fdingad/Desktop/HKUST_ELEC5140_RISC-V_CPU/RV32i/RV32i.srcs/sources_1/new/ID_Zero_Generator.v" into library xil_defaultlib
INFO: [VRFC 10-311] analyzing module ID_Zero_Generator
INFO: [VRFC 10-2263] Analyzing Verilog file "C:/Users/fdingad/Desktop/HKUST_ELEC5140_RISC-V_CPU/RV32i/RV32i.srcs/sources_1/new/LUI_or_AUIPC.v" into library xil_defaultlib
INFO: [VRFC 10-311] analyzing module LUI_or_AUIPC
INFO: [VRFC 10-2263] Analyzing Verilog file "C:/Users/fdingad/Desktop/HKUST_ELEC5140_RISC-V_CPU/RV32i/RV32i.srcs/sources_1/new/Mux2to1b32.v" into library xil_defaultlib
INFO: [VRFC 10-311] analyzing module Mux2to1b32
INFO: [VRFC 10-2263] Analyzing Verilog file "C:/Users/fdingad/Desktop/HKUST_ELEC5140_RISC-V_CPU/RV32i/RV32i.srcs/sources_1/new/Mux4to1b32.v" into library xil_defaultlib
INFO: [VRFC 10-311] analyzing module Mux4to1b32
INFO: [VRFC 10-2263] Analyzing Verilog file "C:/Users/fdingad/Desktop/HKUST_ELEC5140_RISC-V_CPU/RV32i/RV32i.srcs/sources_1/new/REG32.v" into library xil_defaultlib
INFO: [VRFC 10-311] analyzing module REG32
INFO: [VRFC 10-2263] Analyzing Verilog file "C:/Users/fdingad/Desktop/HKUST_ELEC5140_RISC-V_CPU/RV32i/RV32i.srcs/sources_1/new/REG_EXE_MEM.v" into library xil_defaultlib
INFO: [VRFC 10-311] analyzing module REG_EXE_MEM
INFO: [VRFC 10-2263] Analyzing Verilog file "C:/Users/fdingad/Desktop/HKUST_ELEC5140_RISC-V_CPU/RV32i/RV32i.srcs/sources_1/new/REG_ID_EXE.v" into library xil_defaultlib
INFO: [VRFC 10-311] analyzing module REG_ID_EXE
INFO: [VRFC 10-2263] Analyzing Verilog file "C:/Users/fdingad/Desktop/HKUST_ELEC5140_RISC-V_CPU/RV32i/RV32i.srcs/sources_1/new/REG_IF_ID.v" into library xil_defaultlib
INFO: [VRFC 10-311] analyzing module REG_IF_ID
INFO: [VRFC 10-2263] Analyzing Verilog file "C:/Users/fdingad/Desktop/HKUST_ELEC5140_RISC-V_CPU/RV32i/RV32i.srcs/sources_1/new/REG_MEM_WB.v" into library xil_defaultlib
INFO: [VRFC 10-311] analyzing module REG_MEM_WB
INFO: [VRFC 10-2263] Analyzing Verilog file "C:/Users/fdingad/Desktop/HKUST_ELEC5140_RISC-V_CPU/RV32i/RV32i.srcs/sources_1/new/RV32iPCPU.v" into library xil_defaultlib
INFO: [VRFC 10-311] analyzing module RV32iPCPU
INFO: [VRFC 10-2263] Analyzing Verilog file "C:/Users/fdingad/Desktop/HKUST_ELEC5140_RISC-V_CPU/RV32i/RV32i.srcs/sources_1/new/Regs.v" into library xil_defaultlib
INFO: [VRFC 10-311] analyzing module Regs
INFO: [VRFC 10-2263] Analyzing Verilog file "C:/Users/fdingad/Desktop/HKUST_ELEC5140_RISC-V_CPU/RV32i/RV32i.srcs/sources_1/new/SignExt.v" into library xil_defaultlib
INFO: [VRFC 10-311] analyzing module SignExt
INFO: [VRFC 10-2263] Analyzing Verilog file "C:/Users/fdingad/Desktop/HKUST_ELEC5140_RISC-V_CPU/RV32i/RV32i.srcs/sources_1/new/add_32.v" into library xil_defaultlib
INFO: [VRFC 10-311] analyzing module add_32
INFO: [VRFC 10-2263] Analyzing Verilog file "C:/Users/fdingad/Desktop/HKUST_ELEC5140_RISC-V_CPU/RV32i/RV32i.srcs/sim_1/new/Top.v" into library xil_defaultlib
INFO: [VRFC 10-311] analyzing module Top
INFO: [USF-XSim-69] 'compile' step finished in '3' seconds
INFO: [USF-XSim-3] XSim::Elaborate design
INFO: [USF-XSim-61] Executing 'ELABORATE' step in 'C:/Users/fdingad/Desktop/HKUST_ELEC5140_RISC-V_CPU/RV32i/RV32i.sim/sim_1/behav/xsim'
"xelab --incr --debug typical --relax --mt 2 -L xil_defaultlib -L unisims_ver -L unimacro_ver -L secureip --snapshot Top_behav xil_defaultlib.Top xil_defaultlib.glbl -log elaborate.log"
ECHO is off.
ECHO is off.
Vivado Simulator v2023.1
Copyright 1986-2022 Xilinx, Inc. All Rights Reserved.
Copyright 2022-2023 Advanced Micro Devices, Inc. All Rights Reserved.
Running: C:/Xilinx/Vivado/2023.1/bin/unwrapped/win64.o/xelab.exe --incr --debug typical --relax --mt 2 -L xil_defaultlib -L unisims_ver -L unimacro_ver -L secureip --snapshot Top_behav xil_defaultlib.Top xil_defaultlib.glbl -log elaborate.log 
Using 2 slave threads.
Starting static elaboration
Pass Through NonSizing Optimizer
WARNING: [VRFC 10-3091] actual bit length 1 differs from formal bit length 5 for port 'MEM_WB_written_reg' [C:/Users/fdingad/Desktop/HKUST_ELEC5140_RISC-V_CPU/RV32i/RV32i.srcs/sources_1/new/RV32iPCPU.v:283]
Completed static elaboration
Starting simulation data flow analysis
Completed simulation data flow analysis
Time Resolution for simulation is 1ps
Compiling module xil_defaultlib.Control_Stall
Compiling module xil_defaultlib.REG32
Compiling module xil_defaultlib.add_32
Compiling module xil_defaultlib.Mux4to1b32
Compiling module xil_defaultlib.REG_IF_ID
Compiling module xil_defaultlib.Get_rw_regs
Compiling module xil_defaultlib.Controler
Compiling module xil_defaultlib.Regs
Compiling module xil_defaultlib.SignExt
Compiling module xil_defaultlib.Mux2to1b32
Compiling module xil_defaultlib.Data_Stall
Compiling module xil_defaultlib.ID_Zero_Generator
Compiling module xil_defaultlib.REG_ID_EXE
Compiling module xil_defaultlib.Forwarding_Unit
Compiling module xil_defaultlib.ALU
Compiling module xil_defaultlib.REG_EXE_MEM
Compiling module xil_defaultlib.REG_MEM_WB
Compiling module xil_defaultlib.LUI_or_AUIPC
Compiling module xil_defaultlib.RV32iPCPU
Compiling module xil_defaultlib.Top
Compiling module xil_defaultlib.glbl
Built simulation snapshot Top_behav
run_program: Time (s): cpu = 00:00:00 ; elapsed = 00:00:07 . Memory (MB): peak = 1492.688 ; gain = 0.000
INFO: [USF-XSim-69] 'elaborate' step finished in '7' seconds
INFO: [USF-XSim-4] XSim::Simulate design
INFO: [USF-XSim-61] Executing 'SIMULATE' step in 'C:/Users/fdingad/Desktop/HKUST_ELEC5140_RISC-V_CPU/RV32i/RV32i.sim/sim_1/behav/xsim'
INFO: [USF-XSim-98] *** Running xsim
   with args "Top_behav -key {Behavioral:sim_1:Functional:Top} -tclbatch {Top.tcl} -view {C:/Users/fdingad/Desktop/HKUST_ELEC5140_RISC-V_CPU/RV32i/Top_behav.wcfg} -log {simulate.log}"
INFO: [USF-XSim-8] Loading simulator feature
Time resolution is 1 ps
open_wave_config C:/Users/fdingad/Desktop/HKUST_ELEC5140_RISC-V_CPU/RV32i/Top_behav.wcfg
source Top.tcl
# set curr_wave [current_wave_config]
# if { [string length $curr_wave] == 0 } {
#   if { [llength [get_objects]] > 0} {
#     add_wave /
#     set_property needs_save false [current_wave_config]
#   } else {
#      send_msg_id Add_Wave-1 WARNING "No top level signals found. Simulator will start without a wave window. If you want to open a wave window go to 'File->New Waveform Configuration' or type 'create_wave_config' in the TCL console."
#   }
# }
# run 1000ns
Simulation cycle count:                 4824

$stop called at time : 4824 ps : File "C:/Users/fdingad/Desktop/HKUST_ELEC5140_RISC-V_CPU/RV32i/RV32i.srcs/sim_1/new/Top.v" Line 89
INFO: [USF-XSim-96] XSim completed. Design snapshot 'Top_behav' loaded.
INFO: [USF-XSim-97] XSim simulation ran for 1000ns
launch_simulation: Time (s): cpu = 00:00:04 ; elapsed = 00:00:15 . Memory (MB): peak = 1492.688 ; gain = 0.000
relaunch_sim
Command: launch_simulation -step compile -simset sim_1 -mode behavioral
INFO: [Vivado 12-12493] Simulation top is 'Top'
WARNING: [Vivado 12-13340] Unable to auto find GCC executables from simulator install path! (path not set)
INFO: [Vivado 12-5682] Launching behavioral simulation in 'C:/Users/fdingad/Desktop/HKUST_ELEC5140_RISC-V_CPU/RV32i/RV32i.sim/sim_1/behav/xsim'
INFO: [SIM-utils-51] Simulation object is 'sim_1'
INFO: [USF-XSim-2] XSim::Compile design
INFO: [USF-XSim-61] Executing 'COMPILE and ANALYZE' step in 'C:/Users/fdingad/Desktop/HKUST_ELEC5140_RISC-V_CPU/RV32i/RV32i.sim/sim_1/behav/xsim'
"xvlog --incr --relax -prj Top_vlog.prj"
ECHO is off.
ECHO is off.
INFO: [USF-XSim-69] 'compile' step finished in '2' seconds
Command: launch_simulation -step elaborate -simset sim_1 -mode behavioral
INFO: [Vivado 12-12493] Simulation top is 'Top'
WARNING: [Vivado 12-13340] Unable to auto find GCC executables from simulator install path! (path not set)
INFO: [Vivado 12-5682] Launching behavioral simulation in 'C:/Users/fdingad/Desktop/HKUST_ELEC5140_RISC-V_CPU/RV32i/RV32i.sim/sim_1/behav/xsim'
INFO: [SIM-utils-51] Simulation object is 'sim_1'
INFO: [USF-XSim-3] XSim::Elaborate design
INFO: [USF-XSim-61] Executing 'ELABORATE' step in 'C:/Users/fdingad/Desktop/HKUST_ELEC5140_RISC-V_CPU/RV32i/RV32i.sim/sim_1/behav/xsim'
"xelab --incr --debug typical --relax --mt 2 -L xil_defaultlib -L unisims_ver -L unimacro_ver -L secureip --snapshot Top_behav xil_defaultlib.Top xil_defaultlib.glbl -log elaborate.log"
ECHO is off.
ECHO is off.
Vivado Simulator v2023.1
Copyright 1986-2022 Xilinx, Inc. All Rights Reserved.
Copyright 2022-2023 Advanced Micro Devices, Inc. All Rights Reserved.
Running: C:/Xilinx/Vivado/2023.1/bin/unwrapped/win64.o/xelab.exe --incr --debug typical --relax --mt 2 -L xil_defaultlib -L unisims_ver -L unimacro_ver -L secureip --snapshot Top_behav xil_defaultlib.Top xil_defaultlib.glbl -log elaborate.log 
Using 2 slave threads.
Starting static elaboration
Pass Through NonSizing Optimizer
WARNING: [VRFC 10-3091] actual bit length 1 differs from formal bit length 5 for port 'MEM_WB_written_reg' [C:/Users/fdingad/Desktop/HKUST_ELEC5140_RISC-V_CPU/RV32i/RV32i.srcs/sources_1/new/RV32iPCPU.v:283]
Completed static elaboration
INFO: [XSIM 43-4323] No Change in HDL. Linking previously generated obj files to create kernel
INFO: [USF-XSim-69] 'elaborate' step finished in '4' seconds
Time resolution is 1 ps
Simulation cycle count:                 4824

$stop called at time : 4824 ps : File "C:/Users/fdingad/Desktop/HKUST_ELEC5140_RISC-V_CPU/RV32i/RV32i.srcs/sim_1/new/Top.v" Line 89
relaunch_sim: Time (s): cpu = 00:00:01 ; elapsed = 00:00:11 . Memory (MB): peak = 1492.688 ; gain = 0.000
save_wave_config {C:/Users/fdingad/Desktop/HKUST_ELEC5140_RISC-V_CPU/RV32i/Top_behav.wcfg}
close_sim
INFO: [Simtcl 6-16] Simulation closed
launch_simulation
Command: launch_simulation 
INFO: [Vivado 12-12493] Simulation top is 'Top'
WARNING: [Vivado 12-13340] Unable to auto find GCC executables from simulator install path! (path not set)
INFO: [Vivado 12-5682] Launching behavioral simulation in 'C:/Users/fdingad/Desktop/HKUST_ELEC5140_RISC-V_CPU/RV32i/RV32i.sim/sim_1/behav/xsim'
INFO: [SIM-utils-51] Simulation object is 'sim_1'
INFO: [SIM-utils-72] Using boost library from 'C:/Xilinx/Vivado/2023.1/tps/boost_1_72_0'
INFO: [SIM-utils-54] Inspecting design source files for 'Top' in fileset 'sim_1'...
INFO: [USF-XSim-97] Finding global include files...
INFO: [USF-XSim-98] Fetching design files from 'sim_1'...
INFO: [USF-XSim-2] XSim::Compile design
INFO: [USF-XSim-61] Executing 'COMPILE and ANALYZE' step in 'C:/Users/fdingad/Desktop/HKUST_ELEC5140_RISC-V_CPU/RV32i/RV32i.sim/sim_1/behav/xsim'
"xvlog --incr --relax -prj Top_vlog.prj"
ECHO is off.
ECHO is off.
INFO: [VRFC 10-2263] Analyzing Verilog file "C:/Users/fdingad/Desktop/HKUST_ELEC5140_RISC-V_CPU/RV32i/RV32i.srcs/sources_1/new/ALU.v" into library xil_defaultlib
INFO: [VRFC 10-311] analyzing module ALU
INFO: [VRFC 10-2263] Analyzing Verilog file "C:/Users/fdingad/Desktop/HKUST_ELEC5140_RISC-V_CPU/RV32i/RV32i.srcs/sources_1/new/Control_Stall.v" into library xil_defaultlib
INFO: [VRFC 10-311] analyzing module Control_Stall
INFO: [VRFC 10-2263] Analyzing Verilog file "C:/Users/fdingad/Desktop/HKUST_ELEC5140_RISC-V_CPU/RV32i/RV32i.srcs/sources_1/new/Controler.v" into library xil_defaultlib
INFO: [VRFC 10-311] analyzing module Controler
INFO: [VRFC 10-2263] Analyzing Verilog file "C:/Users/fdingad/Desktop/HKUST_ELEC5140_RISC-V_CPU/RV32i/RV32i.srcs/sources_1/new/Data_Stall.v" into library xil_defaultlib
INFO: [VRFC 10-311] analyzing module Data_Stall
INFO: [VRFC 10-2263] Analyzing Verilog file "C:/Users/fdingad/Desktop/HKUST_ELEC5140_RISC-V_CPU/RV32i/RV32i.srcs/sources_1/new/Forwarding_Unit.v" into library xil_defaultlib
INFO: [VRFC 10-311] analyzing module Forwarding_Unit
INFO: [VRFC 10-2263] Analyzing Verilog file "C:/Users/fdingad/Desktop/HKUST_ELEC5140_RISC-V_CPU/RV32i/RV32i.srcs/sources_1/new/Get_rw_regs.v" into library xil_defaultlib
INFO: [VRFC 10-311] analyzing module Get_rw_regs
INFO: [VRFC 10-2263] Analyzing Verilog file "C:/Users/fdingad/Desktop/HKUST_ELEC5140_RISC-V_CPU/RV32i/RV32i.srcs/sources_1/new/ID_Zero_Generator.v" into library xil_defaultlib
INFO: [VRFC 10-311] analyzing module ID_Zero_Generator
INFO: [VRFC 10-2263] Analyzing Verilog file "C:/Users/fdingad/Desktop/HKUST_ELEC5140_RISC-V_CPU/RV32i/RV32i.srcs/sources_1/new/LUI_or_AUIPC.v" into library xil_defaultlib
INFO: [VRFC 10-311] analyzing module LUI_or_AUIPC
INFO: [VRFC 10-2263] Analyzing Verilog file "C:/Users/fdingad/Desktop/HKUST_ELEC5140_RISC-V_CPU/RV32i/RV32i.srcs/sources_1/new/Mux2to1b32.v" into library xil_defaultlib
INFO: [VRFC 10-311] analyzing module Mux2to1b32
INFO: [VRFC 10-2263] Analyzing Verilog file "C:/Users/fdingad/Desktop/HKUST_ELEC5140_RISC-V_CPU/RV32i/RV32i.srcs/sources_1/new/Mux4to1b32.v" into library xil_defaultlib
INFO: [VRFC 10-311] analyzing module Mux4to1b32
INFO: [VRFC 10-2263] Analyzing Verilog file "C:/Users/fdingad/Desktop/HKUST_ELEC5140_RISC-V_CPU/RV32i/RV32i.srcs/sources_1/new/REG32.v" into library xil_defaultlib
INFO: [VRFC 10-311] analyzing module REG32
INFO: [VRFC 10-2263] Analyzing Verilog file "C:/Users/fdingad/Desktop/HKUST_ELEC5140_RISC-V_CPU/RV32i/RV32i.srcs/sources_1/new/REG_EXE_MEM.v" into library xil_defaultlib
INFO: [VRFC 10-311] analyzing module REG_EXE_MEM
INFO: [VRFC 10-2263] Analyzing Verilog file "C:/Users/fdingad/Desktop/HKUST_ELEC5140_RISC-V_CPU/RV32i/RV32i.srcs/sources_1/new/REG_ID_EXE.v" into library xil_defaultlib
INFO: [VRFC 10-311] analyzing module REG_ID_EXE
INFO: [VRFC 10-2263] Analyzing Verilog file "C:/Users/fdingad/Desktop/HKUST_ELEC5140_RISC-V_CPU/RV32i/RV32i.srcs/sources_1/new/REG_IF_ID.v" into library xil_defaultlib
INFO: [VRFC 10-311] analyzing module REG_IF_ID
INFO: [VRFC 10-2263] Analyzing Verilog file "C:/Users/fdingad/Desktop/HKUST_ELEC5140_RISC-V_CPU/RV32i/RV32i.srcs/sources_1/new/REG_MEM_WB.v" into library xil_defaultlib
INFO: [VRFC 10-311] analyzing module REG_MEM_WB
INFO: [VRFC 10-2263] Analyzing Verilog file "C:/Users/fdingad/Desktop/HKUST_ELEC5140_RISC-V_CPU/RV32i/RV32i.srcs/sources_1/new/RV32iPCPU.v" into library xil_defaultlib
INFO: [VRFC 10-311] analyzing module RV32iPCPU
INFO: [VRFC 10-2263] Analyzing Verilog file "C:/Users/fdingad/Desktop/HKUST_ELEC5140_RISC-V_CPU/RV32i/RV32i.srcs/sources_1/new/Regs.v" into library xil_defaultlib
INFO: [VRFC 10-311] analyzing module Regs
INFO: [VRFC 10-2263] Analyzing Verilog file "C:/Users/fdingad/Desktop/HKUST_ELEC5140_RISC-V_CPU/RV32i/RV32i.srcs/sources_1/new/SignExt.v" into library xil_defaultlib
INFO: [VRFC 10-311] analyzing module SignExt
INFO: [VRFC 10-2263] Analyzing Verilog file "C:/Users/fdingad/Desktop/HKUST_ELEC5140_RISC-V_CPU/RV32i/RV32i.srcs/sources_1/new/add_32.v" into library xil_defaultlib
INFO: [VRFC 10-311] analyzing module add_32
INFO: [VRFC 10-2263] Analyzing Verilog file "C:/Users/fdingad/Desktop/HKUST_ELEC5140_RISC-V_CPU/RV32i/RV32i.srcs/sim_1/new/Top.v" into library xil_defaultlib
INFO: [VRFC 10-311] analyzing module Top
INFO: [USF-XSim-69] 'compile' step finished in '4' seconds
INFO: [USF-XSim-3] XSim::Elaborate design
INFO: [USF-XSim-61] Executing 'ELABORATE' step in 'C:/Users/fdingad/Desktop/HKUST_ELEC5140_RISC-V_CPU/RV32i/RV32i.sim/sim_1/behav/xsim'
"xelab --incr --debug typical --relax --mt 2 -L xil_defaultlib -L unisims_ver -L unimacro_ver -L secureip --snapshot Top_behav xil_defaultlib.Top xil_defaultlib.glbl -log elaborate.log"
ECHO is off.
ECHO is off.
Vivado Simulator v2023.1
Copyright 1986-2022 Xilinx, Inc. All Rights Reserved.
Copyright 2022-2023 Advanced Micro Devices, Inc. All Rights Reserved.
Running: C:/Xilinx/Vivado/2023.1/bin/unwrapped/win64.o/xelab.exe --incr --debug typical --relax --mt 2 -L xil_defaultlib -L unisims_ver -L unimacro_ver -L secureip --snapshot Top_behav xil_defaultlib.Top xil_defaultlib.glbl -log elaborate.log 
Using 2 slave threads.
Starting static elaboration
Pass Through NonSizing Optimizer
WARNING: [VRFC 10-3091] actual bit length 1 differs from formal bit length 5 for port 'MEM_WB_written_reg' [C:/Users/fdingad/Desktop/HKUST_ELEC5140_RISC-V_CPU/RV32i/RV32i.srcs/sources_1/new/RV32iPCPU.v:283]
Completed static elaboration
Starting simulation data flow analysis
Completed simulation data flow analysis
Time Resolution for simulation is 1ps
Compiling module xil_defaultlib.Control_Stall
Compiling module xil_defaultlib.REG32
Compiling module xil_defaultlib.add_32
Compiling module xil_defaultlib.Mux4to1b32
Compiling module xil_defaultlib.REG_IF_ID
Compiling module xil_defaultlib.Get_rw_regs
Compiling module xil_defaultlib.Controler
Compiling module xil_defaultlib.Regs
Compiling module xil_defaultlib.SignExt
Compiling module xil_defaultlib.Mux2to1b32
Compiling module xil_defaultlib.Data_Stall
Compiling module xil_defaultlib.ID_Zero_Generator
Compiling module xil_defaultlib.REG_ID_EXE
Compiling module xil_defaultlib.Forwarding_Unit
Compiling module xil_defaultlib.ALU
Compiling module xil_defaultlib.REG_EXE_MEM
Compiling module xil_defaultlib.REG_MEM_WB
Compiling module xil_defaultlib.LUI_or_AUIPC
Compiling module xil_defaultlib.RV32iPCPU
Compiling module xil_defaultlib.Top
Compiling module xil_defaultlib.glbl
Built simulation snapshot Top_behav
run_program: Time (s): cpu = 00:00:00 ; elapsed = 00:00:07 . Memory (MB): peak = 1776.023 ; gain = 0.000
INFO: [USF-XSim-69] 'elaborate' step finished in '6' seconds
INFO: [USF-XSim-4] XSim::Simulate design
INFO: [USF-XSim-61] Executing 'SIMULATE' step in 'C:/Users/fdingad/Desktop/HKUST_ELEC5140_RISC-V_CPU/RV32i/RV32i.sim/sim_1/behav/xsim'
INFO: [USF-XSim-98] *** Running xsim
   with args "Top_behav -key {Behavioral:sim_1:Functional:Top} -tclbatch {Top.tcl} -view {C:/Users/fdingad/Desktop/HKUST_ELEC5140_RISC-V_CPU/RV32i/Top_behav.wcfg} -log {simulate.log}"
INFO: [USF-XSim-8] Loading simulator feature
Time resolution is 1 ps
open_wave_config C:/Users/fdingad/Desktop/HKUST_ELEC5140_RISC-V_CPU/RV32i/Top_behav.wcfg
source Top.tcl
# set curr_wave [current_wave_config]
# if { [string length $curr_wave] == 0 } {
#   if { [llength [get_objects]] > 0} {
#     add_wave /
#     set_property needs_save false [current_wave_config]
#   } else {
#      send_msg_id Add_Wave-1 WARNING "No top level signals found. Simulator will start without a wave window. If you want to open a wave window go to 'File->New Waveform Configuration' or type 'create_wave_config' in the TCL console."
#   }
# }
# run 1000ns
Simulation cycle count:                 5046

$stop called at time : 5046 ps : File "C:/Users/fdingad/Desktop/HKUST_ELEC5140_RISC-V_CPU/RV32i/RV32i.srcs/sim_1/new/Top.v" Line 89
INFO: [USF-XSim-96] XSim completed. Design snapshot 'Top_behav' loaded.
INFO: [USF-XSim-97] XSim simulation ran for 1000ns
launch_simulation: Time (s): cpu = 00:00:04 ; elapsed = 00:00:13 . Memory (MB): peak = 1776.023 ; gain = 0.000
relaunch_sim
Command: launch_simulation -step compile -simset sim_1 -mode behavioral
INFO: [Vivado 12-12493] Simulation top is 'Top'
WARNING: [Vivado 12-13340] Unable to auto find GCC executables from simulator install path! (path not set)
INFO: [Vivado 12-5682] Launching behavioral simulation in 'C:/Users/fdingad/Desktop/HKUST_ELEC5140_RISC-V_CPU/RV32i/RV32i.sim/sim_1/behav/xsim'
INFO: [SIM-utils-51] Simulation object is 'sim_1'
INFO: [USF-XSim-2] XSim::Compile design
INFO: [USF-XSim-61] Executing 'COMPILE and ANALYZE' step in 'C:/Users/fdingad/Desktop/HKUST_ELEC5140_RISC-V_CPU/RV32i/RV32i.sim/sim_1/behav/xsim'
"xvlog --incr --relax -prj Top_vlog.prj"
ECHO is off.
ECHO is off.
INFO: [VRFC 10-2263] Analyzing Verilog file "C:/Users/fdingad/Desktop/HKUST_ELEC5140_RISC-V_CPU/RV32i/RV32i.srcs/sources_1/new/ALU.v" into library xil_defaultlib
INFO: [VRFC 10-311] analyzing module ALU
INFO: [VRFC 10-2263] Analyzing Verilog file "C:/Users/fdingad/Desktop/HKUST_ELEC5140_RISC-V_CPU/RV32i/RV32i.srcs/sources_1/new/Control_Stall.v" into library xil_defaultlib
INFO: [VRFC 10-311] analyzing module Control_Stall
INFO: [VRFC 10-2263] Analyzing Verilog file "C:/Users/fdingad/Desktop/HKUST_ELEC5140_RISC-V_CPU/RV32i/RV32i.srcs/sources_1/new/Controler.v" into library xil_defaultlib
INFO: [VRFC 10-311] analyzing module Controler
INFO: [VRFC 10-2263] Analyzing Verilog file "C:/Users/fdingad/Desktop/HKUST_ELEC5140_RISC-V_CPU/RV32i/RV32i.srcs/sources_1/new/Data_Stall.v" into library xil_defaultlib
INFO: [VRFC 10-311] analyzing module Data_Stall
INFO: [VRFC 10-2263] Analyzing Verilog file "C:/Users/fdingad/Desktop/HKUST_ELEC5140_RISC-V_CPU/RV32i/RV32i.srcs/sources_1/new/Forwarding_Unit.v" into library xil_defaultlib
INFO: [VRFC 10-311] analyzing module Forwarding_Unit
INFO: [VRFC 10-2263] Analyzing Verilog file "C:/Users/fdingad/Desktop/HKUST_ELEC5140_RISC-V_CPU/RV32i/RV32i.srcs/sources_1/new/Get_rw_regs.v" into library xil_defaultlib
INFO: [VRFC 10-311] analyzing module Get_rw_regs
INFO: [VRFC 10-2263] Analyzing Verilog file "C:/Users/fdingad/Desktop/HKUST_ELEC5140_RISC-V_CPU/RV32i/RV32i.srcs/sources_1/new/ID_Zero_Generator.v" into library xil_defaultlib
INFO: [VRFC 10-311] analyzing module ID_Zero_Generator
INFO: [VRFC 10-2263] Analyzing Verilog file "C:/Users/fdingad/Desktop/HKUST_ELEC5140_RISC-V_CPU/RV32i/RV32i.srcs/sources_1/new/LUI_or_AUIPC.v" into library xil_defaultlib
INFO: [VRFC 10-311] analyzing module LUI_or_AUIPC
INFO: [VRFC 10-2263] Analyzing Verilog file "C:/Users/fdingad/Desktop/HKUST_ELEC5140_RISC-V_CPU/RV32i/RV32i.srcs/sources_1/new/Mux2to1b32.v" into library xil_defaultlib
INFO: [VRFC 10-311] analyzing module Mux2to1b32
INFO: [VRFC 10-2263] Analyzing Verilog file "C:/Users/fdingad/Desktop/HKUST_ELEC5140_RISC-V_CPU/RV32i/RV32i.srcs/sources_1/new/Mux4to1b32.v" into library xil_defaultlib
INFO: [VRFC 10-311] analyzing module Mux4to1b32
INFO: [VRFC 10-2263] Analyzing Verilog file "C:/Users/fdingad/Desktop/HKUST_ELEC5140_RISC-V_CPU/RV32i/RV32i.srcs/sources_1/new/REG32.v" into library xil_defaultlib
INFO: [VRFC 10-311] analyzing module REG32
INFO: [VRFC 10-2263] Analyzing Verilog file "C:/Users/fdingad/Desktop/HKUST_ELEC5140_RISC-V_CPU/RV32i/RV32i.srcs/sources_1/new/REG_EXE_MEM.v" into library xil_defaultlib
INFO: [VRFC 10-311] analyzing module REG_EXE_MEM
INFO: [VRFC 10-2263] Analyzing Verilog file "C:/Users/fdingad/Desktop/HKUST_ELEC5140_RISC-V_CPU/RV32i/RV32i.srcs/sources_1/new/REG_ID_EXE.v" into library xil_defaultlib
INFO: [VRFC 10-311] analyzing module REG_ID_EXE
INFO: [VRFC 10-2263] Analyzing Verilog file "C:/Users/fdingad/Desktop/HKUST_ELEC5140_RISC-V_CPU/RV32i/RV32i.srcs/sources_1/new/REG_IF_ID.v" into library xil_defaultlib
INFO: [VRFC 10-311] analyzing module REG_IF_ID
INFO: [VRFC 10-2263] Analyzing Verilog file "C:/Users/fdingad/Desktop/HKUST_ELEC5140_RISC-V_CPU/RV32i/RV32i.srcs/sources_1/new/REG_MEM_WB.v" into library xil_defaultlib
INFO: [VRFC 10-311] analyzing module REG_MEM_WB
INFO: [VRFC 10-2263] Analyzing Verilog file "C:/Users/fdingad/Desktop/HKUST_ELEC5140_RISC-V_CPU/RV32i/RV32i.srcs/sources_1/new/RV32iPCPU.v" into library xil_defaultlib
INFO: [VRFC 10-311] analyzing module RV32iPCPU
INFO: [VRFC 10-2263] Analyzing Verilog file "C:/Users/fdingad/Desktop/HKUST_ELEC5140_RISC-V_CPU/RV32i/RV32i.srcs/sources_1/new/Regs.v" into library xil_defaultlib
INFO: [VRFC 10-311] analyzing module Regs
INFO: [VRFC 10-2263] Analyzing Verilog file "C:/Users/fdingad/Desktop/HKUST_ELEC5140_RISC-V_CPU/RV32i/RV32i.srcs/sources_1/new/SignExt.v" into library xil_defaultlib
INFO: [VRFC 10-311] analyzing module SignExt
INFO: [VRFC 10-2263] Analyzing Verilog file "C:/Users/fdingad/Desktop/HKUST_ELEC5140_RISC-V_CPU/RV32i/RV32i.srcs/sources_1/new/add_32.v" into library xil_defaultlib
INFO: [VRFC 10-311] analyzing module add_32
INFO: [VRFC 10-2263] Analyzing Verilog file "C:/Users/fdingad/Desktop/HKUST_ELEC5140_RISC-V_CPU/RV32i/RV32i.srcs/sim_1/new/Top.v" into library xil_defaultlib
INFO: [VRFC 10-311] analyzing module Top
INFO: [USF-XSim-69] 'compile' step finished in '4' seconds
Command: launch_simulation -step elaborate -simset sim_1 -mode behavioral
INFO: [Vivado 12-12493] Simulation top is 'Top'
WARNING: [Vivado 12-13340] Unable to auto find GCC executables from simulator install path! (path not set)
INFO: [Vivado 12-5682] Launching behavioral simulation in 'C:/Users/fdingad/Desktop/HKUST_ELEC5140_RISC-V_CPU/RV32i/RV32i.sim/sim_1/behav/xsim'
INFO: [SIM-utils-51] Simulation object is 'sim_1'
INFO: [USF-XSim-3] XSim::Elaborate design
INFO: [USF-XSim-61] Executing 'ELABORATE' step in 'C:/Users/fdingad/Desktop/HKUST_ELEC5140_RISC-V_CPU/RV32i/RV32i.sim/sim_1/behav/xsim'
"xelab --incr --debug typical --relax --mt 2 -L xil_defaultlib -L unisims_ver -L unimacro_ver -L secureip --snapshot Top_behav xil_defaultlib.Top xil_defaultlib.glbl -log elaborate.log"
ECHO is off.
ECHO is off.
Vivado Simulator v2023.1
Copyright 1986-2022 Xilinx, Inc. All Rights Reserved.
Copyright 2022-2023 Advanced Micro Devices, Inc. All Rights Reserved.
Running: C:/Xilinx/Vivado/2023.1/bin/unwrapped/win64.o/xelab.exe --incr --debug typical --relax --mt 2 -L xil_defaultlib -L unisims_ver -L unimacro_ver -L secureip --snapshot Top_behav xil_defaultlib.Top xil_defaultlib.glbl -log elaborate.log 
Using 2 slave threads.
Starting static elaboration
Pass Through NonSizing Optimizer
WARNING: [VRFC 10-3091] actual bit length 1 differs from formal bit length 5 for port 'MEM_WB_written_reg' [C:/Users/fdingad/Desktop/HKUST_ELEC5140_RISC-V_CPU/RV32i/RV32i.srcs/sources_1/new/RV32iPCPU.v:283]
Completed static elaboration
Starting simulation data flow analysis
Completed simulation data flow analysis
Time Resolution for simulation is 1ps
Compiling module xil_defaultlib.Control_Stall
Compiling module xil_defaultlib.REG32
Compiling module xil_defaultlib.add_32
Compiling module xil_defaultlib.Mux4to1b32
Compiling module xil_defaultlib.REG_IF_ID
Compiling module xil_defaultlib.Get_rw_regs
Compiling module xil_defaultlib.Controler
Compiling module xil_defaultlib.Regs
Compiling module xil_defaultlib.SignExt
Compiling module xil_defaultlib.Mux2to1b32
Compiling module xil_defaultlib.Data_Stall
Compiling module xil_defaultlib.ID_Zero_Generator
Compiling module xil_defaultlib.REG_ID_EXE
Compiling module xil_defaultlib.Forwarding_Unit
Compiling module xil_defaultlib.ALU
Compiling module xil_defaultlib.REG_EXE_MEM
Compiling module xil_defaultlib.REG_MEM_WB
Compiling module xil_defaultlib.LUI_or_AUIPC
Compiling module xil_defaultlib.RV32iPCPU
Compiling module xil_defaultlib.Top
Compiling module xil_defaultlib.glbl
Built simulation snapshot Top_behav
run_program: Time (s): cpu = 00:00:01 ; elapsed = 00:00:07 . Memory (MB): peak = 1776.023 ; gain = 0.000
INFO: [USF-XSim-69] 'elaborate' step finished in '6' seconds
launch_simulation: Time (s): cpu = 00:00:01 ; elapsed = 00:00:07 . Memory (MB): peak = 1776.023 ; gain = 0.000
Time resolution is 1 ps
Simulation cycle count:                 5046

$stop called at time : 5046 ps : File "C:/Users/fdingad/Desktop/HKUST_ELEC5140_RISC-V_CPU/RV32i/RV32i.srcs/sim_1/new/Top.v" Line 89
relaunch_sim: Time (s): cpu = 00:00:02 ; elapsed = 00:00:14 . Memory (MB): peak = 1776.023 ; gain = 0.000
close_sim
INFO: [Simtcl 6-16] Simulation closed
launch_simulation
Command: launch_simulation 
INFO: [Vivado 12-12493] Simulation top is 'Top'
WARNING: [Vivado 12-13340] Unable to auto find GCC executables from simulator install path! (path not set)
INFO: [Vivado 12-5682] Launching behavioral simulation in 'C:/Users/fdingad/Desktop/HKUST_ELEC5140_RISC-V_CPU/RV32i/RV32i.sim/sim_1/behav/xsim'
INFO: [SIM-utils-51] Simulation object is 'sim_1'
INFO: [SIM-utils-72] Using boost library from 'C:/Xilinx/Vivado/2023.1/tps/boost_1_72_0'
INFO: [SIM-utils-54] Inspecting design source files for 'Top' in fileset 'sim_1'...
INFO: [USF-XSim-97] Finding global include files...
INFO: [USF-XSim-98] Fetching design files from 'sim_1'...
INFO: [USF-XSim-2] XSim::Compile design
INFO: [USF-XSim-61] Executing 'COMPILE and ANALYZE' step in 'C:/Users/fdingad/Desktop/HKUST_ELEC5140_RISC-V_CPU/RV32i/RV32i.sim/sim_1/behav/xsim'
"xvlog --incr --relax -prj Top_vlog.prj"
ECHO is off.
ECHO is off.
INFO: [VRFC 10-2263] Analyzing Verilog file "C:/Users/fdingad/Desktop/HKUST_ELEC5140_RISC-V_CPU/RV32i/RV32i.srcs/sources_1/new/ALU.v" into library xil_defaultlib
INFO: [VRFC 10-311] analyzing module ALU
INFO: [VRFC 10-2263] Analyzing Verilog file "C:/Users/fdingad/Desktop/HKUST_ELEC5140_RISC-V_CPU/RV32i/RV32i.srcs/sources_1/new/Control_Stall.v" into library xil_defaultlib
INFO: [VRFC 10-311] analyzing module Control_Stall
INFO: [VRFC 10-2263] Analyzing Verilog file "C:/Users/fdingad/Desktop/HKUST_ELEC5140_RISC-V_CPU/RV32i/RV32i.srcs/sources_1/new/Controler.v" into library xil_defaultlib
INFO: [VRFC 10-311] analyzing module Controler
INFO: [VRFC 10-2263] Analyzing Verilog file "C:/Users/fdingad/Desktop/HKUST_ELEC5140_RISC-V_CPU/RV32i/RV32i.srcs/sources_1/new/Data_Stall.v" into library xil_defaultlib
INFO: [VRFC 10-311] analyzing module Data_Stall
INFO: [VRFC 10-2263] Analyzing Verilog file "C:/Users/fdingad/Desktop/HKUST_ELEC5140_RISC-V_CPU/RV32i/RV32i.srcs/sources_1/new/Forwarding_Unit.v" into library xil_defaultlib
INFO: [VRFC 10-311] analyzing module Forwarding_Unit
INFO: [VRFC 10-2263] Analyzing Verilog file "C:/Users/fdingad/Desktop/HKUST_ELEC5140_RISC-V_CPU/RV32i/RV32i.srcs/sources_1/new/Get_rw_regs.v" into library xil_defaultlib
INFO: [VRFC 10-311] analyzing module Get_rw_regs
INFO: [VRFC 10-2263] Analyzing Verilog file "C:/Users/fdingad/Desktop/HKUST_ELEC5140_RISC-V_CPU/RV32i/RV32i.srcs/sources_1/new/ID_Zero_Generator.v" into library xil_defaultlib
INFO: [VRFC 10-311] analyzing module ID_Zero_Generator
INFO: [VRFC 10-2263] Analyzing Verilog file "C:/Users/fdingad/Desktop/HKUST_ELEC5140_RISC-V_CPU/RV32i/RV32i.srcs/sources_1/new/LUI_or_AUIPC.v" into library xil_defaultlib
INFO: [VRFC 10-311] analyzing module LUI_or_AUIPC
INFO: [VRFC 10-2263] Analyzing Verilog file "C:/Users/fdingad/Desktop/HKUST_ELEC5140_RISC-V_CPU/RV32i/RV32i.srcs/sources_1/new/Mux2to1b32.v" into library xil_defaultlib
INFO: [VRFC 10-311] analyzing module Mux2to1b32
INFO: [VRFC 10-2263] Analyzing Verilog file "C:/Users/fdingad/Desktop/HKUST_ELEC5140_RISC-V_CPU/RV32i/RV32i.srcs/sources_1/new/Mux4to1b32.v" into library xil_defaultlib
INFO: [VRFC 10-311] analyzing module Mux4to1b32
INFO: [VRFC 10-2263] Analyzing Verilog file "C:/Users/fdingad/Desktop/HKUST_ELEC5140_RISC-V_CPU/RV32i/RV32i.srcs/sources_1/new/REG32.v" into library xil_defaultlib
INFO: [VRFC 10-311] analyzing module REG32
INFO: [VRFC 10-2263] Analyzing Verilog file "C:/Users/fdingad/Desktop/HKUST_ELEC5140_RISC-V_CPU/RV32i/RV32i.srcs/sources_1/new/REG_EXE_MEM.v" into library xil_defaultlib
INFO: [VRFC 10-311] analyzing module REG_EXE_MEM
INFO: [VRFC 10-2263] Analyzing Verilog file "C:/Users/fdingad/Desktop/HKUST_ELEC5140_RISC-V_CPU/RV32i/RV32i.srcs/sources_1/new/REG_ID_EXE.v" into library xil_defaultlib
INFO: [VRFC 10-311] analyzing module REG_ID_EXE
INFO: [VRFC 10-2263] Analyzing Verilog file "C:/Users/fdingad/Desktop/HKUST_ELEC5140_RISC-V_CPU/RV32i/RV32i.srcs/sources_1/new/REG_IF_ID.v" into library xil_defaultlib
INFO: [VRFC 10-311] analyzing module REG_IF_ID
INFO: [VRFC 10-2263] Analyzing Verilog file "C:/Users/fdingad/Desktop/HKUST_ELEC5140_RISC-V_CPU/RV32i/RV32i.srcs/sources_1/new/REG_MEM_WB.v" into library xil_defaultlib
INFO: [VRFC 10-311] analyzing module REG_MEM_WB
INFO: [VRFC 10-2263] Analyzing Verilog file "C:/Users/fdingad/Desktop/HKUST_ELEC5140_RISC-V_CPU/RV32i/RV32i.srcs/sources_1/new/RV32iPCPU.v" into library xil_defaultlib
INFO: [VRFC 10-311] analyzing module RV32iPCPU
INFO: [VRFC 10-2263] Analyzing Verilog file "C:/Users/fdingad/Desktop/HKUST_ELEC5140_RISC-V_CPU/RV32i/RV32i.srcs/sources_1/new/Regs.v" into library xil_defaultlib
INFO: [VRFC 10-311] analyzing module Regs
INFO: [VRFC 10-2263] Analyzing Verilog file "C:/Users/fdingad/Desktop/HKUST_ELEC5140_RISC-V_CPU/RV32i/RV32i.srcs/sources_1/new/SignExt.v" into library xil_defaultlib
INFO: [VRFC 10-311] analyzing module SignExt
INFO: [VRFC 10-2263] Analyzing Verilog file "C:/Users/fdingad/Desktop/HKUST_ELEC5140_RISC-V_CPU/RV32i/RV32i.srcs/sources_1/new/add_32.v" into library xil_defaultlib
INFO: [VRFC 10-311] analyzing module add_32
INFO: [VRFC 10-2263] Analyzing Verilog file "C:/Users/fdingad/Desktop/HKUST_ELEC5140_RISC-V_CPU/RV32i/RV32i.srcs/sim_1/new/Top.v" into library xil_defaultlib
INFO: [VRFC 10-311] analyzing module Top
INFO: [USF-XSim-69] 'compile' step finished in '4' seconds
INFO: [USF-XSim-3] XSim::Elaborate design
INFO: [USF-XSim-61] Executing 'ELABORATE' step in 'C:/Users/fdingad/Desktop/HKUST_ELEC5140_RISC-V_CPU/RV32i/RV32i.sim/sim_1/behav/xsim'
"xelab --incr --debug typical --relax --mt 2 -L xil_defaultlib -L unisims_ver -L unimacro_ver -L secureip --snapshot Top_behav xil_defaultlib.Top xil_defaultlib.glbl -log elaborate.log"
ECHO is off.
ECHO is off.
Vivado Simulator v2023.1
Copyright 1986-2022 Xilinx, Inc. All Rights Reserved.
Copyright 2022-2023 Advanced Micro Devices, Inc. All Rights Reserved.
Running: C:/Xilinx/Vivado/2023.1/bin/unwrapped/win64.o/xelab.exe --incr --debug typical --relax --mt 2 -L xil_defaultlib -L unisims_ver -L unimacro_ver -L secureip --snapshot Top_behav xil_defaultlib.Top xil_defaultlib.glbl -log elaborate.log 
Using 2 slave threads.
Starting static elaboration
Pass Through NonSizing Optimizer
WARNING: [VRFC 10-3091] actual bit length 1 differs from formal bit length 5 for port 'MEM_WB_written_reg' [C:/Users/fdingad/Desktop/HKUST_ELEC5140_RISC-V_CPU/RV32i/RV32i.srcs/sources_1/new/RV32iPCPU.v:283]
Completed static elaboration
Starting simulation data flow analysis
Completed simulation data flow analysis
Time Resolution for simulation is 1ps
Compiling module xil_defaultlib.Control_Stall
Compiling module xil_defaultlib.REG32
Compiling module xil_defaultlib.add_32
Compiling module xil_defaultlib.Mux4to1b32
Compiling module xil_defaultlib.REG_IF_ID
Compiling module xil_defaultlib.Get_rw_regs
Compiling module xil_defaultlib.Controler
Compiling module xil_defaultlib.Regs
Compiling module xil_defaultlib.SignExt
Compiling module xil_defaultlib.Mux2to1b32
Compiling module xil_defaultlib.Data_Stall
Compiling module xil_defaultlib.ID_Zero_Generator
Compiling module xil_defaultlib.REG_ID_EXE
Compiling module xil_defaultlib.Forwarding_Unit
Compiling module xil_defaultlib.ALU
Compiling module xil_defaultlib.REG_EXE_MEM
Compiling module xil_defaultlib.REG_MEM_WB
Compiling module xil_defaultlib.LUI_or_AUIPC
Compiling module xil_defaultlib.RV32iPCPU
Compiling module xil_defaultlib.Top
Compiling module xil_defaultlib.glbl
Built simulation snapshot Top_behav
run_program: Time (s): cpu = 00:00:00 ; elapsed = 00:00:06 . Memory (MB): peak = 2214.758 ; gain = 0.000
INFO: [USF-XSim-69] 'elaborate' step finished in '6' seconds
INFO: [USF-XSim-4] XSim::Simulate design
INFO: [USF-XSim-61] Executing 'SIMULATE' step in 'C:/Users/fdingad/Desktop/HKUST_ELEC5140_RISC-V_CPU/RV32i/RV32i.sim/sim_1/behav/xsim'
INFO: [USF-XSim-98] *** Running xsim
   with args "Top_behav -key {Behavioral:sim_1:Functional:Top} -tclbatch {Top.tcl} -view {C:/Users/fdingad/Desktop/HKUST_ELEC5140_RISC-V_CPU/RV32i/Top_behav.wcfg} -log {simulate.log}"
INFO: [USF-XSim-8] Loading simulator feature
Time resolution is 1 ps
open_wave_config C:/Users/fdingad/Desktop/HKUST_ELEC5140_RISC-V_CPU/RV32i/Top_behav.wcfg
source Top.tcl
# set curr_wave [current_wave_config]
# if { [string length $curr_wave] == 0 } {
#   if { [llength [get_objects]] > 0} {
#     add_wave /
#     set_property needs_save false [current_wave_config]
#   } else {
#      send_msg_id Add_Wave-1 WARNING "No top level signals found. Simulator will start without a wave window. If you want to open a wave window go to 'File->New Waveform Configuration' or type 'create_wave_config' in the TCL console."
#   }
# }
# run 1000ns
Simulation cycle count:                  166

$stop called at time : 166 ps : File "C:/Users/fdingad/Desktop/HKUST_ELEC5140_RISC-V_CPU/RV32i/RV32i.srcs/sim_1/new/Top.v" Line 89
INFO: [USF-XSim-96] XSim completed. Design snapshot 'Top_behav' loaded.
INFO: [USF-XSim-97] XSim simulation ran for 1000ns
launch_simulation: Time (s): cpu = 00:00:03 ; elapsed = 00:00:15 . Memory (MB): peak = 2214.758 ; gain = 0.000
relaunch_sim
Command: launch_simulation -step compile -simset sim_1 -mode behavioral
INFO: [Vivado 12-12493] Simulation top is 'Top'
WARNING: [Vivado 12-13340] Unable to auto find GCC executables from simulator install path! (path not set)
INFO: [Vivado 12-5682] Launching behavioral simulation in 'C:/Users/fdingad/Desktop/HKUST_ELEC5140_RISC-V_CPU/RV32i/RV32i.sim/sim_1/behav/xsim'
INFO: [SIM-utils-51] Simulation object is 'sim_1'
INFO: [USF-XSim-2] XSim::Compile design
INFO: [USF-XSim-61] Executing 'COMPILE and ANALYZE' step in 'C:/Users/fdingad/Desktop/HKUST_ELEC5140_RISC-V_CPU/RV32i/RV32i.sim/sim_1/behav/xsim'
"xvlog --incr --relax -prj Top_vlog.prj"
ECHO is off.
ECHO is off.
INFO: [VRFC 10-2263] Analyzing Verilog file "C:/Users/fdingad/Desktop/HKUST_ELEC5140_RISC-V_CPU/RV32i/RV32i.srcs/sources_1/new/ALU.v" into library xil_defaultlib
INFO: [VRFC 10-311] analyzing module ALU
INFO: [VRFC 10-2263] Analyzing Verilog file "C:/Users/fdingad/Desktop/HKUST_ELEC5140_RISC-V_CPU/RV32i/RV32i.srcs/sources_1/new/Control_Stall.v" into library xil_defaultlib
INFO: [VRFC 10-311] analyzing module Control_Stall
INFO: [VRFC 10-2263] Analyzing Verilog file "C:/Users/fdingad/Desktop/HKUST_ELEC5140_RISC-V_CPU/RV32i/RV32i.srcs/sources_1/new/Controler.v" into library xil_defaultlib
INFO: [VRFC 10-311] analyzing module Controler
INFO: [VRFC 10-2263] Analyzing Verilog file "C:/Users/fdingad/Desktop/HKUST_ELEC5140_RISC-V_CPU/RV32i/RV32i.srcs/sources_1/new/Data_Stall.v" into library xil_defaultlib
INFO: [VRFC 10-311] analyzing module Data_Stall
INFO: [VRFC 10-2263] Analyzing Verilog file "C:/Users/fdingad/Desktop/HKUST_ELEC5140_RISC-V_CPU/RV32i/RV32i.srcs/sources_1/new/Forwarding_Unit.v" into library xil_defaultlib
INFO: [VRFC 10-311] analyzing module Forwarding_Unit
INFO: [VRFC 10-2263] Analyzing Verilog file "C:/Users/fdingad/Desktop/HKUST_ELEC5140_RISC-V_CPU/RV32i/RV32i.srcs/sources_1/new/Get_rw_regs.v" into library xil_defaultlib
INFO: [VRFC 10-311] analyzing module Get_rw_regs
INFO: [VRFC 10-2263] Analyzing Verilog file "C:/Users/fdingad/Desktop/HKUST_ELEC5140_RISC-V_CPU/RV32i/RV32i.srcs/sources_1/new/ID_Zero_Generator.v" into library xil_defaultlib
INFO: [VRFC 10-311] analyzing module ID_Zero_Generator
INFO: [VRFC 10-2263] Analyzing Verilog file "C:/Users/fdingad/Desktop/HKUST_ELEC5140_RISC-V_CPU/RV32i/RV32i.srcs/sources_1/new/LUI_or_AUIPC.v" into library xil_defaultlib
INFO: [VRFC 10-311] analyzing module LUI_or_AUIPC
INFO: [VRFC 10-2263] Analyzing Verilog file "C:/Users/fdingad/Desktop/HKUST_ELEC5140_RISC-V_CPU/RV32i/RV32i.srcs/sources_1/new/Mux2to1b32.v" into library xil_defaultlib
INFO: [VRFC 10-311] analyzing module Mux2to1b32
INFO: [VRFC 10-2263] Analyzing Verilog file "C:/Users/fdingad/Desktop/HKUST_ELEC5140_RISC-V_CPU/RV32i/RV32i.srcs/sources_1/new/Mux4to1b32.v" into library xil_defaultlib
INFO: [VRFC 10-311] analyzing module Mux4to1b32
INFO: [VRFC 10-2263] Analyzing Verilog file "C:/Users/fdingad/Desktop/HKUST_ELEC5140_RISC-V_CPU/RV32i/RV32i.srcs/sources_1/new/REG32.v" into library xil_defaultlib
INFO: [VRFC 10-311] analyzing module REG32
INFO: [VRFC 10-2263] Analyzing Verilog file "C:/Users/fdingad/Desktop/HKUST_ELEC5140_RISC-V_CPU/RV32i/RV32i.srcs/sources_1/new/REG_EXE_MEM.v" into library xil_defaultlib
INFO: [VRFC 10-311] analyzing module REG_EXE_MEM
INFO: [VRFC 10-2263] Analyzing Verilog file "C:/Users/fdingad/Desktop/HKUST_ELEC5140_RISC-V_CPU/RV32i/RV32i.srcs/sources_1/new/REG_ID_EXE.v" into library xil_defaultlib
INFO: [VRFC 10-311] analyzing module REG_ID_EXE
INFO: [VRFC 10-2263] Analyzing Verilog file "C:/Users/fdingad/Desktop/HKUST_ELEC5140_RISC-V_CPU/RV32i/RV32i.srcs/sources_1/new/REG_IF_ID.v" into library xil_defaultlib
INFO: [VRFC 10-311] analyzing module REG_IF_ID
INFO: [VRFC 10-2263] Analyzing Verilog file "C:/Users/fdingad/Desktop/HKUST_ELEC5140_RISC-V_CPU/RV32i/RV32i.srcs/sources_1/new/REG_MEM_WB.v" into library xil_defaultlib
INFO: [VRFC 10-311] analyzing module REG_MEM_WB
INFO: [VRFC 10-2263] Analyzing Verilog file "C:/Users/fdingad/Desktop/HKUST_ELEC5140_RISC-V_CPU/RV32i/RV32i.srcs/sources_1/new/RV32iPCPU.v" into library xil_defaultlib
INFO: [VRFC 10-311] analyzing module RV32iPCPU
INFO: [VRFC 10-2263] Analyzing Verilog file "C:/Users/fdingad/Desktop/HKUST_ELEC5140_RISC-V_CPU/RV32i/RV32i.srcs/sources_1/new/Regs.v" into library xil_defaultlib
INFO: [VRFC 10-311] analyzing module Regs
INFO: [VRFC 10-2263] Analyzing Verilog file "C:/Users/fdingad/Desktop/HKUST_ELEC5140_RISC-V_CPU/RV32i/RV32i.srcs/sources_1/new/SignExt.v" into library xil_defaultlib
INFO: [VRFC 10-311] analyzing module SignExt
INFO: [VRFC 10-2263] Analyzing Verilog file "C:/Users/fdingad/Desktop/HKUST_ELEC5140_RISC-V_CPU/RV32i/RV32i.srcs/sources_1/new/add_32.v" into library xil_defaultlib
INFO: [VRFC 10-311] analyzing module add_32
INFO: [VRFC 10-2263] Analyzing Verilog file "C:/Users/fdingad/Desktop/HKUST_ELEC5140_RISC-V_CPU/RV32i/RV32i.srcs/sim_1/new/Top.v" into library xil_defaultlib
INFO: [VRFC 10-311] analyzing module Top
INFO: [USF-XSim-69] 'compile' step finished in '4' seconds
Command: launch_simulation -step elaborate -simset sim_1 -mode behavioral
INFO: [Vivado 12-12493] Simulation top is 'Top'
WARNING: [Vivado 12-13340] Unable to auto find GCC executables from simulator install path! (path not set)
INFO: [Vivado 12-5682] Launching behavioral simulation in 'C:/Users/fdingad/Desktop/HKUST_ELEC5140_RISC-V_CPU/RV32i/RV32i.sim/sim_1/behav/xsim'
INFO: [SIM-utils-51] Simulation object is 'sim_1'
INFO: [USF-XSim-3] XSim::Elaborate design
INFO: [USF-XSim-61] Executing 'ELABORATE' step in 'C:/Users/fdingad/Desktop/HKUST_ELEC5140_RISC-V_CPU/RV32i/RV32i.sim/sim_1/behav/xsim'
"xelab --incr --debug typical --relax --mt 2 -L xil_defaultlib -L unisims_ver -L unimacro_ver -L secureip --snapshot Top_behav xil_defaultlib.Top xil_defaultlib.glbl -log elaborate.log"
ECHO is off.
ECHO is off.
Vivado Simulator v2023.1
Copyright 1986-2022 Xilinx, Inc. All Rights Reserved.
Copyright 2022-2023 Advanced Micro Devices, Inc. All Rights Reserved.
Running: C:/Xilinx/Vivado/2023.1/bin/unwrapped/win64.o/xelab.exe --incr --debug typical --relax --mt 2 -L xil_defaultlib -L unisims_ver -L unimacro_ver -L secureip --snapshot Top_behav xil_defaultlib.Top xil_defaultlib.glbl -log elaborate.log 
Using 2 slave threads.
Starting static elaboration
Pass Through NonSizing Optimizer
WARNING: [VRFC 10-3091] actual bit length 1 differs from formal bit length 5 for port 'MEM_WB_written_reg' [C:/Users/fdingad/Desktop/HKUST_ELEC5140_RISC-V_CPU/RV32i/RV32i.srcs/sources_1/new/RV32iPCPU.v:283]
Completed static elaboration
Starting simulation data flow analysis
Completed simulation data flow analysis
Time Resolution for simulation is 1ps
Compiling module xil_defaultlib.Control_Stall
Compiling module xil_defaultlib.REG32
Compiling module xil_defaultlib.add_32
Compiling module xil_defaultlib.Mux4to1b32
Compiling module xil_defaultlib.REG_IF_ID
Compiling module xil_defaultlib.Get_rw_regs
Compiling module xil_defaultlib.Controler
Compiling module xil_defaultlib.Regs
Compiling module xil_defaultlib.SignExt
Compiling module xil_defaultlib.Mux2to1b32
Compiling module xil_defaultlib.Data_Stall
Compiling module xil_defaultlib.ID_Zero_Generator
Compiling module xil_defaultlib.REG_ID_EXE
Compiling module xil_defaultlib.Forwarding_Unit
Compiling module xil_defaultlib.ALU
Compiling module xil_defaultlib.REG_EXE_MEM
Compiling module xil_defaultlib.REG_MEM_WB
Compiling module xil_defaultlib.LUI_or_AUIPC
Compiling module xil_defaultlib.RV32iPCPU
Compiling module xil_defaultlib.Top
Compiling module xil_defaultlib.glbl
Built simulation snapshot Top_behav
run_program: Time (s): cpu = 00:00:00 ; elapsed = 00:00:06 . Memory (MB): peak = 2214.758 ; gain = 0.000
INFO: [USF-XSim-69] 'elaborate' step finished in '6' seconds
launch_simulation: Time (s): cpu = 00:00:00 ; elapsed = 00:00:07 . Memory (MB): peak = 2214.758 ; gain = 0.000
Time resolution is 1 ps
Simulation cycle count:                  166

$stop called at time : 166 ps : File "C:/Users/fdingad/Desktop/HKUST_ELEC5140_RISC-V_CPU/RV32i/RV32i.srcs/sim_1/new/Top.v" Line 89
relaunch_sim: Time (s): cpu = 00:00:01 ; elapsed = 00:00:13 . Memory (MB): peak = 2214.758 ; gain = 0.000
close_sim
INFO: [Simtcl 6-16] Simulation closed
launch_simulation
Command: launch_simulation 
INFO: [Vivado 12-12493] Simulation top is 'Top'
WARNING: [Vivado 12-13340] Unable to auto find GCC executables from simulator install path! (path not set)
INFO: [Vivado 12-5682] Launching behavioral simulation in 'C:/Users/fdingad/Desktop/HKUST_ELEC5140_RISC-V_CPU/RV32i/RV32i.sim/sim_1/behav/xsim'
INFO: [SIM-utils-51] Simulation object is 'sim_1'
INFO: [SIM-utils-72] Using boost library from 'C:/Xilinx/Vivado/2023.1/tps/boost_1_72_0'
INFO: [SIM-utils-54] Inspecting design source files for 'Top' in fileset 'sim_1'...
INFO: [USF-XSim-97] Finding global include files...
INFO: [USF-XSim-98] Fetching design files from 'sim_1'...
INFO: [USF-XSim-2] XSim::Compile design
INFO: [USF-XSim-61] Executing 'COMPILE and ANALYZE' step in 'C:/Users/fdingad/Desktop/HKUST_ELEC5140_RISC-V_CPU/RV32i/RV32i.sim/sim_1/behav/xsim'
"xvlog --incr --relax -prj Top_vlog.prj"
ECHO is off.
ECHO is off.
INFO: [VRFC 10-2263] Analyzing Verilog file "C:/Users/fdingad/Desktop/HKUST_ELEC5140_RISC-V_CPU/RV32i/RV32i.srcs/sources_1/new/ALU.v" into library xil_defaultlib
INFO: [VRFC 10-311] analyzing module ALU
INFO: [VRFC 10-2263] Analyzing Verilog file "C:/Users/fdingad/Desktop/HKUST_ELEC5140_RISC-V_CPU/RV32i/RV32i.srcs/sources_1/new/Control_Stall.v" into library xil_defaultlib
INFO: [VRFC 10-311] analyzing module Control_Stall
INFO: [VRFC 10-2263] Analyzing Verilog file "C:/Users/fdingad/Desktop/HKUST_ELEC5140_RISC-V_CPU/RV32i/RV32i.srcs/sources_1/new/Controler.v" into library xil_defaultlib
INFO: [VRFC 10-311] analyzing module Controler
INFO: [VRFC 10-2263] Analyzing Verilog file "C:/Users/fdingad/Desktop/HKUST_ELEC5140_RISC-V_CPU/RV32i/RV32i.srcs/sources_1/new/Data_Stall.v" into library xil_defaultlib
INFO: [VRFC 10-311] analyzing module Data_Stall
ERROR: [VRFC 10-2989] 'EXE_MEM_DatatoReg' is not declared [C:/Users/fdingad/Desktop/HKUST_ELEC5140_RISC-V_CPU/RV32i/RV32i.srcs/sources_1/new/Data_Stall.v:65]
ERROR: [VRFC 10-8530] module 'Data_Stall' is ignored due to previous errors [C:/Users/fdingad/Desktop/HKUST_ELEC5140_RISC-V_CPU/RV32i/RV32i.srcs/sources_1/new/Data_Stall.v:23]
INFO: [USF-XSim-69] 'compile' step finished in '3' seconds
INFO: [USF-XSim-99] Step results log file:'C:/Users/fdingad/Desktop/HKUST_ELEC5140_RISC-V_CPU/RV32i/RV32i.sim/sim_1/behav/xsim/xvlog.log'
ERROR: [USF-XSim-62] 'compile' step failed with error(s). Please check the Tcl console output or 'C:/Users/fdingad/Desktop/HKUST_ELEC5140_RISC-V_CPU/RV32i/RV32i.sim/sim_1/behav/xsim/xvlog.log' file for more information.
ERROR: [Vivado 12-4473] Detected error while running simulation. Please correct the issue and retry this operation.
launch_simulation: Time (s): cpu = 00:00:00 ; elapsed = 00:00:05 . Memory (MB): peak = 2214.758 ; gain = 0.000
ERROR: [Common 17-39] 'launch_simulation' failed due to earlier errors.
launch_simulation
Command: launch_simulation 
INFO: [Vivado 12-12493] Simulation top is 'Top'
WARNING: [Vivado 12-13340] Unable to auto find GCC executables from simulator install path! (path not set)
INFO: [Vivado 12-5682] Launching behavioral simulation in 'C:/Users/fdingad/Desktop/HKUST_ELEC5140_RISC-V_CPU/RV32i/RV32i.sim/sim_1/behav/xsim'
INFO: [SIM-utils-51] Simulation object is 'sim_1'
INFO: [SIM-utils-72] Using boost library from 'C:/Xilinx/Vivado/2023.1/tps/boost_1_72_0'
INFO: [SIM-utils-54] Inspecting design source files for 'Top' in fileset 'sim_1'...
INFO: [USF-XSim-97] Finding global include files...
INFO: [USF-XSim-98] Fetching design files from 'sim_1'...
INFO: [USF-XSim-2] XSim::Compile design
INFO: [USF-XSim-61] Executing 'COMPILE and ANALYZE' step in 'C:/Users/fdingad/Desktop/HKUST_ELEC5140_RISC-V_CPU/RV32i/RV32i.sim/sim_1/behav/xsim'
"xvlog --incr --relax -prj Top_vlog.prj"
ECHO is off.
ECHO is off.
INFO: [VRFC 10-2263] Analyzing Verilog file "C:/Users/fdingad/Desktop/HKUST_ELEC5140_RISC-V_CPU/RV32i/RV32i.srcs/sources_1/new/ALU.v" into library xil_defaultlib
INFO: [VRFC 10-311] analyzing module ALU
INFO: [VRFC 10-2263] Analyzing Verilog file "C:/Users/fdingad/Desktop/HKUST_ELEC5140_RISC-V_CPU/RV32i/RV32i.srcs/sources_1/new/Control_Stall.v" into library xil_defaultlib
INFO: [VRFC 10-311] analyzing module Control_Stall
INFO: [VRFC 10-2263] Analyzing Verilog file "C:/Users/fdingad/Desktop/HKUST_ELEC5140_RISC-V_CPU/RV32i/RV32i.srcs/sources_1/new/Controler.v" into library xil_defaultlib
INFO: [VRFC 10-311] analyzing module Controler
INFO: [VRFC 10-2263] Analyzing Verilog file "C:/Users/fdingad/Desktop/HKUST_ELEC5140_RISC-V_CPU/RV32i/RV32i.srcs/sources_1/new/Data_Stall.v" into library xil_defaultlib
INFO: [VRFC 10-311] analyzing module Data_Stall
INFO: [VRFC 10-2263] Analyzing Verilog file "C:/Users/fdingad/Desktop/HKUST_ELEC5140_RISC-V_CPU/RV32i/RV32i.srcs/sources_1/new/Forwarding_Unit.v" into library xil_defaultlib
INFO: [VRFC 10-311] analyzing module Forwarding_Unit
INFO: [VRFC 10-2263] Analyzing Verilog file "C:/Users/fdingad/Desktop/HKUST_ELEC5140_RISC-V_CPU/RV32i/RV32i.srcs/sources_1/new/Get_rw_regs.v" into library xil_defaultlib
INFO: [VRFC 10-311] analyzing module Get_rw_regs
INFO: [VRFC 10-2263] Analyzing Verilog file "C:/Users/fdingad/Desktop/HKUST_ELEC5140_RISC-V_CPU/RV32i/RV32i.srcs/sources_1/new/ID_Zero_Generator.v" into library xil_defaultlib
INFO: [VRFC 10-311] analyzing module ID_Zero_Generator
INFO: [VRFC 10-2263] Analyzing Verilog file "C:/Users/fdingad/Desktop/HKUST_ELEC5140_RISC-V_CPU/RV32i/RV32i.srcs/sources_1/new/LUI_or_AUIPC.v" into library xil_defaultlib
INFO: [VRFC 10-311] analyzing module LUI_or_AUIPC
INFO: [VRFC 10-2263] Analyzing Verilog file "C:/Users/fdingad/Desktop/HKUST_ELEC5140_RISC-V_CPU/RV32i/RV32i.srcs/sources_1/new/Mux2to1b32.v" into library xil_defaultlib
INFO: [VRFC 10-311] analyzing module Mux2to1b32
INFO: [VRFC 10-2263] Analyzing Verilog file "C:/Users/fdingad/Desktop/HKUST_ELEC5140_RISC-V_CPU/RV32i/RV32i.srcs/sources_1/new/Mux4to1b32.v" into library xil_defaultlib
INFO: [VRFC 10-311] analyzing module Mux4to1b32
INFO: [VRFC 10-2263] Analyzing Verilog file "C:/Users/fdingad/Desktop/HKUST_ELEC5140_RISC-V_CPU/RV32i/RV32i.srcs/sources_1/new/REG32.v" into library xil_defaultlib
INFO: [VRFC 10-311] analyzing module REG32
INFO: [VRFC 10-2263] Analyzing Verilog file "C:/Users/fdingad/Desktop/HKUST_ELEC5140_RISC-V_CPU/RV32i/RV32i.srcs/sources_1/new/REG_EXE_MEM.v" into library xil_defaultlib
INFO: [VRFC 10-311] analyzing module REG_EXE_MEM
INFO: [VRFC 10-2263] Analyzing Verilog file "C:/Users/fdingad/Desktop/HKUST_ELEC5140_RISC-V_CPU/RV32i/RV32i.srcs/sources_1/new/REG_ID_EXE.v" into library xil_defaultlib
INFO: [VRFC 10-311] analyzing module REG_ID_EXE
INFO: [VRFC 10-2263] Analyzing Verilog file "C:/Users/fdingad/Desktop/HKUST_ELEC5140_RISC-V_CPU/RV32i/RV32i.srcs/sources_1/new/REG_IF_ID.v" into library xil_defaultlib
INFO: [VRFC 10-311] analyzing module REG_IF_ID
INFO: [VRFC 10-2263] Analyzing Verilog file "C:/Users/fdingad/Desktop/HKUST_ELEC5140_RISC-V_CPU/RV32i/RV32i.srcs/sources_1/new/REG_MEM_WB.v" into library xil_defaultlib
INFO: [VRFC 10-311] analyzing module REG_MEM_WB
INFO: [VRFC 10-2263] Analyzing Verilog file "C:/Users/fdingad/Desktop/HKUST_ELEC5140_RISC-V_CPU/RV32i/RV32i.srcs/sources_1/new/RV32iPCPU.v" into library xil_defaultlib
INFO: [VRFC 10-311] analyzing module RV32iPCPU
INFO: [VRFC 10-2263] Analyzing Verilog file "C:/Users/fdingad/Desktop/HKUST_ELEC5140_RISC-V_CPU/RV32i/RV32i.srcs/sources_1/new/Regs.v" into library xil_defaultlib
INFO: [VRFC 10-311] analyzing module Regs
INFO: [VRFC 10-2263] Analyzing Verilog file "C:/Users/fdingad/Desktop/HKUST_ELEC5140_RISC-V_CPU/RV32i/RV32i.srcs/sources_1/new/SignExt.v" into library xil_defaultlib
INFO: [VRFC 10-311] analyzing module SignExt
INFO: [VRFC 10-2263] Analyzing Verilog file "C:/Users/fdingad/Desktop/HKUST_ELEC5140_RISC-V_CPU/RV32i/RV32i.srcs/sources_1/new/add_32.v" into library xil_defaultlib
INFO: [VRFC 10-311] analyzing module add_32
INFO: [VRFC 10-2263] Analyzing Verilog file "C:/Users/fdingad/Desktop/HKUST_ELEC5140_RISC-V_CPU/RV32i/RV32i.srcs/sim_1/new/Top.v" into library xil_defaultlib
INFO: [VRFC 10-311] analyzing module Top
INFO: [USF-XSim-69] 'compile' step finished in '3' seconds
INFO: [USF-XSim-3] XSim::Elaborate design
INFO: [USF-XSim-61] Executing 'ELABORATE' step in 'C:/Users/fdingad/Desktop/HKUST_ELEC5140_RISC-V_CPU/RV32i/RV32i.sim/sim_1/behav/xsim'
"xelab --incr --debug typical --relax --mt 2 -L xil_defaultlib -L unisims_ver -L unimacro_ver -L secureip --snapshot Top_behav xil_defaultlib.Top xil_defaultlib.glbl -log elaborate.log"
ECHO is off.
ECHO is off.
Vivado Simulator v2023.1
Copyright 1986-2022 Xilinx, Inc. All Rights Reserved.
Copyright 2022-2023 Advanced Micro Devices, Inc. All Rights Reserved.
Running: C:/Xilinx/Vivado/2023.1/bin/unwrapped/win64.o/xelab.exe --incr --debug typical --relax --mt 2 -L xil_defaultlib -L unisims_ver -L unimacro_ver -L secureip --snapshot Top_behav xil_defaultlib.Top xil_defaultlib.glbl -log elaborate.log 
Using 2 slave threads.
Starting static elaboration
Pass Through NonSizing Optimizer
WARNING: [VRFC 10-3091] actual bit length 1 differs from formal bit length 5 for port 'MEM_WB_written_reg' [C:/Users/fdingad/Desktop/HKUST_ELEC5140_RISC-V_CPU/RV32i/RV32i.srcs/sources_1/new/RV32iPCPU.v:290]
Completed static elaboration
Starting simulation data flow analysis
Completed simulation data flow analysis
Time Resolution for simulation is 1ps
Compiling module xil_defaultlib.Control_Stall
Compiling module xil_defaultlib.REG32
Compiling module xil_defaultlib.add_32
Compiling module xil_defaultlib.Mux4to1b32
Compiling module xil_defaultlib.REG_IF_ID
Compiling module xil_defaultlib.Get_rw_regs
Compiling module xil_defaultlib.Controler
Compiling module xil_defaultlib.Regs
Compiling module xil_defaultlib.SignExt
Compiling module xil_defaultlib.Mux2to1b32
Compiling module xil_defaultlib.Data_Stall
Compiling module xil_defaultlib.ID_Zero_Generator
Compiling module xil_defaultlib.REG_ID_EXE
Compiling module xil_defaultlib.Forwarding_Unit
Compiling module xil_defaultlib.ALU
Compiling module xil_defaultlib.REG_EXE_MEM
Compiling module xil_defaultlib.REG_MEM_WB
Compiling module xil_defaultlib.LUI_or_AUIPC
Compiling module xil_defaultlib.RV32iPCPU
Compiling module xil_defaultlib.Top
Compiling module xil_defaultlib.glbl
Built simulation snapshot Top_behav
run_program: Time (s): cpu = 00:00:00 ; elapsed = 00:00:07 . Memory (MB): peak = 2214.758 ; gain = 0.000
INFO: [USF-XSim-69] 'elaborate' step finished in '7' seconds
INFO: [USF-XSim-4] XSim::Simulate design
INFO: [USF-XSim-61] Executing 'SIMULATE' step in 'C:/Users/fdingad/Desktop/HKUST_ELEC5140_RISC-V_CPU/RV32i/RV32i.sim/sim_1/behav/xsim'
INFO: [USF-XSim-98] *** Running xsim
   with args "Top_behav -key {Behavioral:sim_1:Functional:Top} -tclbatch {Top.tcl} -view {C:/Users/fdingad/Desktop/HKUST_ELEC5140_RISC-V_CPU/RV32i/Top_behav.wcfg} -log {simulate.log}"
INFO: [USF-XSim-8] Loading simulator feature
Time resolution is 1 ps
open_wave_config C:/Users/fdingad/Desktop/HKUST_ELEC5140_RISC-V_CPU/RV32i/Top_behav.wcfg
source Top.tcl
# set curr_wave [current_wave_config]
# if { [string length $curr_wave] == 0 } {
#   if { [llength [get_objects]] > 0} {
#     add_wave /
#     set_property needs_save false [current_wave_config]
#   } else {
#      send_msg_id Add_Wave-1 WARNING "No top level signals found. Simulator will start without a wave window. If you want to open a wave window go to 'File->New Waveform Configuration' or type 'create_wave_config' in the TCL console."
#   }
# }
# run 1000ns
Simulation cycle count:                 3814

$stop called at time : 3814 ps : File "C:/Users/fdingad/Desktop/HKUST_ELEC5140_RISC-V_CPU/RV32i/RV32i.srcs/sim_1/new/Top.v" Line 89
INFO: [USF-XSim-96] XSim completed. Design snapshot 'Top_behav' loaded.
INFO: [USF-XSim-97] XSim simulation ran for 1000ns
launch_simulation: Time (s): cpu = 00:00:02 ; elapsed = 00:00:15 . Memory (MB): peak = 2214.758 ; gain = 0.000
relaunch_sim
Command: launch_simulation -step compile -simset sim_1 -mode behavioral
INFO: [Vivado 12-12493] Simulation top is 'Top'
WARNING: [Vivado 12-13340] Unable to auto find GCC executables from simulator install path! (path not set)
INFO: [Vivado 12-5682] Launching behavioral simulation in 'C:/Users/fdingad/Desktop/HKUST_ELEC5140_RISC-V_CPU/RV32i/RV32i.sim/sim_1/behav/xsim'
INFO: [SIM-utils-51] Simulation object is 'sim_1'
INFO: [USF-XSim-2] XSim::Compile design
INFO: [USF-XSim-61] Executing 'COMPILE and ANALYZE' step in 'C:/Users/fdingad/Desktop/HKUST_ELEC5140_RISC-V_CPU/RV32i/RV32i.sim/sim_1/behav/xsim'
"xvlog --incr --relax -prj Top_vlog.prj"
ECHO is off.
ECHO is off.
INFO: [VRFC 10-2263] Analyzing Verilog file "C:/Users/fdingad/Desktop/HKUST_ELEC5140_RISC-V_CPU/RV32i/RV32i.srcs/sources_1/new/ALU.v" into library xil_defaultlib
INFO: [VRFC 10-311] analyzing module ALU
INFO: [VRFC 10-2263] Analyzing Verilog file "C:/Users/fdingad/Desktop/HKUST_ELEC5140_RISC-V_CPU/RV32i/RV32i.srcs/sources_1/new/Control_Stall.v" into library xil_defaultlib
INFO: [VRFC 10-311] analyzing module Control_Stall
INFO: [VRFC 10-2263] Analyzing Verilog file "C:/Users/fdingad/Desktop/HKUST_ELEC5140_RISC-V_CPU/RV32i/RV32i.srcs/sources_1/new/Controler.v" into library xil_defaultlib
INFO: [VRFC 10-311] analyzing module Controler
INFO: [VRFC 10-2263] Analyzing Verilog file "C:/Users/fdingad/Desktop/HKUST_ELEC5140_RISC-V_CPU/RV32i/RV32i.srcs/sources_1/new/Data_Stall.v" into library xil_defaultlib
INFO: [VRFC 10-311] analyzing module Data_Stall
INFO: [VRFC 10-2263] Analyzing Verilog file "C:/Users/fdingad/Desktop/HKUST_ELEC5140_RISC-V_CPU/RV32i/RV32i.srcs/sources_1/new/Forwarding_Unit.v" into library xil_defaultlib
INFO: [VRFC 10-311] analyzing module Forwarding_Unit
INFO: [VRFC 10-2263] Analyzing Verilog file "C:/Users/fdingad/Desktop/HKUST_ELEC5140_RISC-V_CPU/RV32i/RV32i.srcs/sources_1/new/Get_rw_regs.v" into library xil_defaultlib
INFO: [VRFC 10-311] analyzing module Get_rw_regs
INFO: [VRFC 10-2263] Analyzing Verilog file "C:/Users/fdingad/Desktop/HKUST_ELEC5140_RISC-V_CPU/RV32i/RV32i.srcs/sources_1/new/ID_Zero_Generator.v" into library xil_defaultlib
INFO: [VRFC 10-311] analyzing module ID_Zero_Generator
INFO: [VRFC 10-2263] Analyzing Verilog file "C:/Users/fdingad/Desktop/HKUST_ELEC5140_RISC-V_CPU/RV32i/RV32i.srcs/sources_1/new/LUI_or_AUIPC.v" into library xil_defaultlib
INFO: [VRFC 10-311] analyzing module LUI_or_AUIPC
INFO: [VRFC 10-2263] Analyzing Verilog file "C:/Users/fdingad/Desktop/HKUST_ELEC5140_RISC-V_CPU/RV32i/RV32i.srcs/sources_1/new/Mux2to1b32.v" into library xil_defaultlib
INFO: [VRFC 10-311] analyzing module Mux2to1b32
INFO: [VRFC 10-2263] Analyzing Verilog file "C:/Users/fdingad/Desktop/HKUST_ELEC5140_RISC-V_CPU/RV32i/RV32i.srcs/sources_1/new/Mux4to1b32.v" into library xil_defaultlib
INFO: [VRFC 10-311] analyzing module Mux4to1b32
INFO: [VRFC 10-2263] Analyzing Verilog file "C:/Users/fdingad/Desktop/HKUST_ELEC5140_RISC-V_CPU/RV32i/RV32i.srcs/sources_1/new/REG32.v" into library xil_defaultlib
INFO: [VRFC 10-311] analyzing module REG32
INFO: [VRFC 10-2263] Analyzing Verilog file "C:/Users/fdingad/Desktop/HKUST_ELEC5140_RISC-V_CPU/RV32i/RV32i.srcs/sources_1/new/REG_EXE_MEM.v" into library xil_defaultlib
INFO: [VRFC 10-311] analyzing module REG_EXE_MEM
INFO: [VRFC 10-2263] Analyzing Verilog file "C:/Users/fdingad/Desktop/HKUST_ELEC5140_RISC-V_CPU/RV32i/RV32i.srcs/sources_1/new/REG_ID_EXE.v" into library xil_defaultlib
INFO: [VRFC 10-311] analyzing module REG_ID_EXE
INFO: [VRFC 10-2263] Analyzing Verilog file "C:/Users/fdingad/Desktop/HKUST_ELEC5140_RISC-V_CPU/RV32i/RV32i.srcs/sources_1/new/REG_IF_ID.v" into library xil_defaultlib
INFO: [VRFC 10-311] analyzing module REG_IF_ID
INFO: [VRFC 10-2263] Analyzing Verilog file "C:/Users/fdingad/Desktop/HKUST_ELEC5140_RISC-V_CPU/RV32i/RV32i.srcs/sources_1/new/REG_MEM_WB.v" into library xil_defaultlib
INFO: [VRFC 10-311] analyzing module REG_MEM_WB
INFO: [VRFC 10-2263] Analyzing Verilog file "C:/Users/fdingad/Desktop/HKUST_ELEC5140_RISC-V_CPU/RV32i/RV32i.srcs/sources_1/new/RV32iPCPU.v" into library xil_defaultlib
INFO: [VRFC 10-311] analyzing module RV32iPCPU
INFO: [VRFC 10-2263] Analyzing Verilog file "C:/Users/fdingad/Desktop/HKUST_ELEC5140_RISC-V_CPU/RV32i/RV32i.srcs/sources_1/new/Regs.v" into library xil_defaultlib
INFO: [VRFC 10-311] analyzing module Regs
INFO: [VRFC 10-2263] Analyzing Verilog file "C:/Users/fdingad/Desktop/HKUST_ELEC5140_RISC-V_CPU/RV32i/RV32i.srcs/sources_1/new/SignExt.v" into library xil_defaultlib
INFO: [VRFC 10-311] analyzing module SignExt
INFO: [VRFC 10-2263] Analyzing Verilog file "C:/Users/fdingad/Desktop/HKUST_ELEC5140_RISC-V_CPU/RV32i/RV32i.srcs/sources_1/new/add_32.v" into library xil_defaultlib
INFO: [VRFC 10-311] analyzing module add_32
INFO: [VRFC 10-2263] Analyzing Verilog file "C:/Users/fdingad/Desktop/HKUST_ELEC5140_RISC-V_CPU/RV32i/RV32i.srcs/sim_1/new/Top.v" into library xil_defaultlib
INFO: [VRFC 10-311] analyzing module Top
INFO: [USF-XSim-69] 'compile' step finished in '3' seconds
Command: launch_simulation -step elaborate -simset sim_1 -mode behavioral
INFO: [Vivado 12-12493] Simulation top is 'Top'
WARNING: [Vivado 12-13340] Unable to auto find GCC executables from simulator install path! (path not set)
INFO: [Vivado 12-5682] Launching behavioral simulation in 'C:/Users/fdingad/Desktop/HKUST_ELEC5140_RISC-V_CPU/RV32i/RV32i.sim/sim_1/behav/xsim'
INFO: [SIM-utils-51] Simulation object is 'sim_1'
INFO: [USF-XSim-3] XSim::Elaborate design
INFO: [USF-XSim-61] Executing 'ELABORATE' step in 'C:/Users/fdingad/Desktop/HKUST_ELEC5140_RISC-V_CPU/RV32i/RV32i.sim/sim_1/behav/xsim'
"xelab --incr --debug typical --relax --mt 2 -L xil_defaultlib -L unisims_ver -L unimacro_ver -L secureip --snapshot Top_behav xil_defaultlib.Top xil_defaultlib.glbl -log elaborate.log"
ECHO is off.
ECHO is off.
Vivado Simulator v2023.1
Copyright 1986-2022 Xilinx, Inc. All Rights Reserved.
Copyright 2022-2023 Advanced Micro Devices, Inc. All Rights Reserved.
Running: C:/Xilinx/Vivado/2023.1/bin/unwrapped/win64.o/xelab.exe --incr --debug typical --relax --mt 2 -L xil_defaultlib -L unisims_ver -L unimacro_ver -L secureip --snapshot Top_behav xil_defaultlib.Top xil_defaultlib.glbl -log elaborate.log 
Using 2 slave threads.
Starting static elaboration
Pass Through NonSizing Optimizer
WARNING: [VRFC 10-3091] actual bit length 1 differs from formal bit length 5 for port 'MEM_WB_written_reg' [C:/Users/fdingad/Desktop/HKUST_ELEC5140_RISC-V_CPU/RV32i/RV32i.srcs/sources_1/new/RV32iPCPU.v:290]
Completed static elaboration
Starting simulation data flow analysis
Completed simulation data flow analysis
Time Resolution for simulation is 1ps
Compiling module xil_defaultlib.Control_Stall
Compiling module xil_defaultlib.REG32
Compiling module xil_defaultlib.add_32
Compiling module xil_defaultlib.Mux4to1b32
Compiling module xil_defaultlib.REG_IF_ID
Compiling module xil_defaultlib.Get_rw_regs
Compiling module xil_defaultlib.Controler
Compiling module xil_defaultlib.Regs
Compiling module xil_defaultlib.SignExt
Compiling module xil_defaultlib.Mux2to1b32
Compiling module xil_defaultlib.Data_Stall
Compiling module xil_defaultlib.ID_Zero_Generator
Compiling module xil_defaultlib.REG_ID_EXE
Compiling module xil_defaultlib.Forwarding_Unit
Compiling module xil_defaultlib.ALU
Compiling module xil_defaultlib.REG_EXE_MEM
Compiling module xil_defaultlib.REG_MEM_WB
Compiling module xil_defaultlib.LUI_or_AUIPC
Compiling module xil_defaultlib.RV32iPCPU
Compiling module xil_defaultlib.Top
Compiling module xil_defaultlib.glbl
Built simulation snapshot Top_behav
run_program: Time (s): cpu = 00:00:00 ; elapsed = 00:00:07 . Memory (MB): peak = 2214.758 ; gain = 0.000
INFO: [USF-XSim-69] 'elaborate' step finished in '7' seconds
launch_simulation: Time (s): cpu = 00:00:00 ; elapsed = 00:00:07 . Memory (MB): peak = 2214.758 ; gain = 0.000
Time resolution is 1 ps
Simulation cycle count:                 3814

$stop called at time : 3814 ps : File "C:/Users/fdingad/Desktop/HKUST_ELEC5140_RISC-V_CPU/RV32i/RV32i.srcs/sim_1/new/Top.v" Line 89
relaunch_sim: Time (s): cpu = 00:00:01 ; elapsed = 00:00:14 . Memory (MB): peak = 2214.758 ; gain = 0.000
